[2021/06/21 12:15:48.863] - Starting server with initial configuration: {"gasLimit":60000,"gasPrice":200000,"hardfork":"petersburg","hostname":"192.168.1.160","port":8080,"network_id":69420,"default_balance_ether":1000,"total_accounts":20,"unlocked_accounts":[],"locked":false,"vmErrorsOnRPCResponse":true,"verbose":false,"db_path":"C:\\Users\\Keon\\AppData\\Roaming\\Ganache\\workspaces\\Quickstart\\chaindata","logDirectory":"H:\\downloads\\solidity\\solidity-assignment\\ganache_output_logs"}
[2021/06/21 12:15:49.276] - eth_subscribe
[2021/06/21 12:15:49.277] - eth_getLogs
[2021/06/21 12:15:49.279] - eth_subscribe
[2021/06/21 12:15:49.305] - eth_subscribe
[2021/06/21 12:15:49.305] - eth_getLogs
[2021/06/21 12:15:49.305] - eth_subscribe
[2021/06/21 12:15:49.322] - eth_blockNumber
[2021/06/21 12:15:49.323] - eth_accounts
[2021/06/21 12:15:49.323] - eth_gasPrice
[2021/06/21 12:15:49.324] - eth_blockNumber
[2021/06/21 12:15:49.324] - eth_getBlockByNumber
[2021/06/21 12:15:49.324] - eth_accounts
[2021/06/21 12:15:49.325] - eth_subscribe
[2021/06/21 12:15:49.331] - eth_accounts
[2021/06/21 12:15:49.331] - eth_gasPrice
[2021/06/21 12:15:49.332] - eth_getBlockByNumber
[2021/06/21 12:15:49.332] - eth_subscribe
[2021/06/21 12:15:49.347] - eth_getBalance
[2021/06/21 12:15:49.350] - eth_getTransactionCount
[2021/06/21 12:15:49.353] - eth_getBalance
[2021/06/21 12:15:49.356] - eth_getTransactionCount
[2021/06/21 12:15:49.359] - eth_getBalance
[2021/06/21 12:15:49.362] - eth_getTransactionCount
[2021/06/21 12:15:49.364] - eth_getBalance
[2021/06/21 12:15:49.369] - eth_getTransactionCount
[2021/06/21 12:15:49.371] - eth_getBalance
[2021/06/21 12:15:49.376] - eth_getTransactionCount
[2021/06/21 12:15:49.384] - eth_getBalance
[2021/06/21 12:15:49.384] - eth_getTransactionCount
[2021/06/21 12:15:49.385] - eth_getBalance
[2021/06/21 12:15:49.385] - eth_getTransactionCount
[2021/06/21 12:15:49.388] - eth_getBalance
[2021/06/21 12:15:49.391] - eth_getTransactionCount
[2021/06/21 12:15:49.393] - eth_getBalance
[2021/06/21 12:15:49.395] - eth_getTransactionCount
[2021/06/21 12:15:49.398] - eth_getBalance
[2021/06/21 12:15:49.401] - eth_getTransactionCount
[2021/06/21 12:15:49.403] - eth_getBalance
[2021/06/21 12:15:49.406] - eth_getTransactionCount
[2021/06/21 12:15:49.407] - eth_getBalance
[2021/06/21 12:15:49.412] - eth_getTransactionCount
[2021/06/21 12:15:49.415] - eth_getBalance
[2021/06/21 12:15:49.417] - eth_getTransactionCount
[2021/06/21 12:15:49.420] - eth_getBalance
[2021/06/21 12:15:49.422] - eth_getTransactionCount
[2021/06/21 12:15:49.425] - eth_getBalance
[2021/06/21 12:15:49.427] - eth_getTransactionCount
[2021/06/21 12:15:49.430] - eth_getBalance
[2021/06/21 12:15:49.433] - eth_getTransactionCount
[2021/06/21 12:15:49.435] - eth_getBalance
[2021/06/21 12:15:49.439] - eth_getTransactionCount
[2021/06/21 12:15:49.441] - eth_getBalance
[2021/06/21 12:15:49.445] - eth_getTransactionCount
[2021/06/21 12:15:49.446] - eth_getBalance
[2021/06/21 12:15:49.450] - eth_getTransactionCount
[2021/06/21 12:15:49.453] - eth_getBalance
[2021/06/21 12:15:49.456] - eth_getTransactionCount
[2021/06/21 12:15:49.518] - eth_getBalance
[2021/06/21 12:15:49.521] - eth_getTransactionCount
[2021/06/21 12:15:49.525] - eth_getBalance
[2021/06/21 12:15:49.528] - eth_getTransactionCount
[2021/06/21 12:15:49.531] - eth_getBalance
[2021/06/21 12:15:49.535] - eth_getTransactionCount
[2021/06/21 12:15:49.538] - eth_getBalance
[2021/06/21 12:15:49.541] - eth_getTransactionCount
[2021/06/21 12:15:49.543] - eth_getBalance
[2021/06/21 12:15:49.546] - eth_getTransactionCount
[2021/06/21 12:15:49.548] - eth_getBalance
[2021/06/21 12:15:49.551] - eth_getTransactionCount
[2021/06/21 12:15:49.555] - eth_getBalance
[2021/06/21 12:15:49.563] - eth_getTransactionCount
[2021/06/21 12:15:49.564] - eth_getBalance
[2021/06/21 12:15:49.566] - eth_getTransactionCount
[2021/06/21 12:15:49.566] - eth_getBalance
[2021/06/21 12:15:49.570] - eth_getTransactionCount
[2021/06/21 12:15:49.573] - eth_getBalance
[2021/06/21 12:15:49.576] - eth_getTransactionCount
[2021/06/21 12:15:49.580] - eth_getBalance
[2021/06/21 12:15:49.583] - eth_getTransactionCount
[2021/06/21 12:15:49.585] - eth_getBalance
[2021/06/21 12:15:49.588] - eth_getTransactionCount
[2021/06/21 12:15:49.591] - eth_getBalance
[2021/06/21 12:15:49.594] - eth_getTransactionCount
[2021/06/21 12:15:49.597] - eth_getBalance
[2021/06/21 12:15:49.599] - eth_getTransactionCount
[2021/06/21 12:15:49.602] - eth_getBalance
[2021/06/21 12:15:49.604] - eth_getTransactionCount
[2021/06/21 12:15:49.607] - eth_getBalance
[2021/06/21 12:15:49.609] - eth_getTransactionCount
[2021/06/21 12:15:49.611] - eth_getBalance
[2021/06/21 12:15:49.614] - eth_getTransactionCount
[2021/06/21 12:15:49.616] - eth_getBalance
[2021/06/21 12:15:49.618] - eth_getTransactionCount
[2021/06/21 12:15:49.621] - eth_getBalance
[2021/06/21 12:15:49.623] - eth_getTransactionCount
[2021/06/21 12:15:49.625] - eth_getBalance
[2021/06/21 12:15:49.628] - eth_getTransactionCount
[2021/06/21 12:15:49.630] - eth_getBalance
[2021/06/21 12:15:49.632] - eth_getTransactionCount
[2021/06/21 12:15:49.648] - eth_getBalance
[2021/06/21 12:15:49.649] - eth_getTransactionCount
[2021/06/21 12:15:49.655] - eth_getBalance
[2021/06/21 12:15:49.655] - eth_getTransactionCount
[2021/06/21 12:15:49.656] - eth_getBalance
[2021/06/21 12:15:49.656] - eth_getTransactionCount
[2021/06/21 12:15:49.657] - eth_getBalance
[2021/06/21 12:15:49.657] - eth_getTransactionCount
[2021/06/21 12:15:49.657] - eth_getBalance
[2021/06/21 12:15:49.660] - eth_getTransactionCount
[2021/06/21 12:15:49.663] - eth_getBalance
[2021/06/21 12:15:49.665] - eth_getTransactionCount
[2021/06/21 12:15:49.667] - eth_getBalance
[2021/06/21 12:15:49.670] - eth_getTransactionCount
[2021/06/21 12:15:49.672] - eth_getBalance
[2021/06/21 12:15:49.674] - eth_getTransactionCount
[2021/06/21 12:15:49.677] - eth_getBalance
[2021/06/21 12:15:49.679] - eth_getTransactionCount
[2021/06/21 12:15:49.681] - eth_getBalance
[2021/06/21 12:15:49.683] - eth_getTransactionCount
[2021/06/21 12:15:49.686] - eth_getBalance
[2021/06/21 12:15:49.688] - eth_getTransactionCount
[2021/06/21 12:15:49.690] - eth_getBalance
[2021/06/21 12:15:49.692] - eth_getTransactionCount
[2021/06/21 12:15:49.695] - eth_getBalance
[2021/06/21 12:15:49.696] - eth_getTransactionCount
[2021/06/21 12:15:49.699] - eth_getBalance
[2021/06/21 12:15:49.702] - eth_getTransactionCount
[2021/06/21 12:15:49.705] - eth_getBalance
[2021/06/21 12:15:49.707] - eth_getTransactionCount
[2021/06/21 12:15:49.709] - eth_getBalance
[2021/06/21 12:15:49.711] - eth_getTransactionCount
[2021/06/21 12:15:49.713] - eth_getBalance
[2021/06/21 12:15:49.716] - eth_getTransactionCount
[2021/06/21 12:15:49.718] - eth_getBalance
[2021/06/21 12:15:49.722] - eth_getTransactionCount
[2021/06/21 12:15:49.725] - eth_getBalance
[2021/06/21 12:15:49.727] - eth_getTransactionCount
[2021/06/21 12:15:49.737] - eth_getBalance
[2021/06/21 12:15:49.740] - eth_getTransactionCount
[2021/06/21 12:15:49.742] - eth_getBalance
[2021/06/21 12:15:49.744] - eth_getTransactionCount
[2021/06/21 12:15:49.746] - eth_getBalance
[2021/06/21 12:15:49.749] - eth_getTransactionCount
[2021/06/21 12:15:49.751] - eth_getBalance
[2021/06/21 12:15:49.754] - eth_getTransactionCount
[2021/06/21 12:15:49.757] - eth_getBalance
[2021/06/21 12:15:49.760] - eth_getTransactionCount
[2021/06/21 12:15:49.762] - eth_getBalance
[2021/06/21 12:15:49.765] - eth_getTransactionCount
[2021/06/21 12:15:49.767] - eth_getBalance
[2021/06/21 12:15:49.769] - eth_getTransactionCount
[2021/06/21 12:15:49.772] - eth_getBalance
[2021/06/21 12:15:49.779] - eth_getTransactionCount
[2021/06/21 12:15:49.779] - eth_getBalance
[2021/06/21 12:15:49.781] - eth_getTransactionCount
[2021/06/21 12:15:49.786] - eth_getBalance
[2021/06/21 12:15:49.790] - eth_getTransactionCount
[2021/06/21 12:15:49.792] - eth_getBalance
[2021/06/21 12:15:49.795] - eth_getTransactionCount
[2021/06/21 12:15:49.798] - eth_getBalance
[2021/06/21 12:15:49.799] - eth_getTransactionCount
[2021/06/21 12:15:49.802] - eth_getBalance
[2021/06/21 12:15:49.805] - eth_getTransactionCount
[2021/06/21 12:15:49.807] - eth_getBalance
[2021/06/21 12:15:49.809] - eth_getTransactionCount
[2021/06/21 12:15:49.811] - eth_getBalance
[2021/06/21 12:15:49.814] - eth_getTransactionCount
[2021/06/21 12:15:49.816] - eth_getBalance
[2021/06/21 12:15:49.819] - eth_getTransactionCount
[2021/06/21 12:15:49.822] - eth_getBalance
[2021/06/21 12:15:49.825] - eth_getTransactionCount
[2021/06/21 12:15:49.828] - eth_getBalance
[2021/06/21 12:15:49.831] - eth_getTransactionCount
[2021/06/21 12:15:49.833] - eth_getBalance
[2021/06/21 12:15:49.835] - eth_getTransactionCount
[2021/06/21 12:15:49.837] - eth_getBalance
[2021/06/21 12:15:49.840] - eth_getTransactionCount
[2021/06/21 12:15:54.867] - eth_getBlockByNumber
[2021/06/21 12:15:55.635] - eth_getBlockByNumber
[2021/06/21 12:15:55.648] - eth_getBlockTransactionCountByHash
[2021/06/21 12:16:10.813] - eth_unsubscribe
[2021/06/21 12:16:10.814] - eth_unsubscribe
