[2021/06/21 12:16:52.379] - Starting server with initial configuration: {"gasLimit":60000,"gasPrice":200000,"hardfork":"petersburg","hostname":"192.168.1.160","port":8080,"network_id":69420,"default_balance_ether":1000,"total_accounts":20,"unlocked_accounts":[],"locked":false,"vmErrorsOnRPCResponse":true,"verbose":false,"db_path":"C:\\Users\\Keon\\AppData\\Roaming\\Ganache\\workspaces\\Quickstart\\chaindata","logDirectory":"H:\\downloads\\solidity\\solidity-assignment\\ganache_output_logs"}
[2021/06/21 12:16:52.875] - eth_subscribe
[2021/06/21 12:16:52.876] - eth_getLogs
[2021/06/21 12:16:52.879] - eth_subscribe
[2021/06/21 12:16:52.938] - eth_subscribe
[2021/06/21 12:16:52.939] - eth_getLogs
[2021/06/21 12:16:52.939] - eth_subscribe
[2021/06/21 12:16:53.013] - eth_blockNumber
[2021/06/21 12:16:53.013] - eth_accounts
[2021/06/21 12:16:53.014] - eth_blockNumber
[2021/06/21 12:16:53.014] - eth_gasPrice
[2021/06/21 12:16:53.014] - eth_accounts
[2021/06/21 12:16:53.014] - eth_getBlockByNumber
[2021/06/21 12:16:53.015] - eth_gasPrice
[2021/06/21 12:16:53.015] - eth_subscribe
[2021/06/21 12:16:53.015] - eth_getBlockByNumber
[2021/06/21 12:16:53.015] - eth_subscribe
[2021/06/21 12:16:53.031] - eth_accounts
[2021/06/21 12:16:53.054] - eth_getBalance
[2021/06/21 12:16:53.059] - eth_getTransactionCount
[2021/06/21 12:16:53.063] - eth_getBalance
[2021/06/21 12:16:53.070] - eth_getTransactionCount
[2021/06/21 12:16:53.074] - eth_getBalance
[2021/06/21 12:16:53.079] - eth_getTransactionCount
[2021/06/21 12:16:53.084] - eth_getBalance
[2021/06/21 12:16:53.090] - eth_getTransactionCount
[2021/06/21 12:16:53.094] - eth_getBalance
[2021/06/21 12:16:53.100] - eth_getTransactionCount
[2021/06/21 12:16:53.104] - eth_getBalance
[2021/06/21 12:16:53.110] - eth_getTransactionCount
[2021/06/21 12:16:53.116] - eth_getBalance
[2021/06/21 12:16:53.120] - eth_getTransactionCount
[2021/06/21 12:16:53.125] - eth_getBalance
[2021/06/21 12:16:53.131] - eth_getTransactionCount
[2021/06/21 12:16:53.136] - eth_getBalance
[2021/06/21 12:16:53.142] - eth_getTransactionCount
[2021/06/21 12:16:53.146] - eth_getBalance
[2021/06/21 12:16:53.154] - eth_getTransactionCount
[2021/06/21 12:16:53.159] - eth_getBalance
[2021/06/21 12:16:53.166] - eth_getTransactionCount
[2021/06/21 12:16:53.172] - eth_getBalance
[2021/06/21 12:16:53.178] - eth_getTransactionCount
[2021/06/21 12:16:53.184] - eth_getBalance
[2021/06/21 12:16:53.189] - eth_getTransactionCount
[2021/06/21 12:16:53.196] - eth_getBalance
[2021/06/21 12:16:53.202] - eth_getTransactionCount
[2021/06/21 12:16:53.208] - eth_getBalance
[2021/06/21 12:16:53.213] - eth_getTransactionCount
[2021/06/21 12:16:53.219] - eth_getBalance
[2021/06/21 12:16:53.225] - eth_getTransactionCount
[2021/06/21 12:16:53.231] - eth_getBalance
[2021/06/21 12:16:53.238] - eth_getTransactionCount
[2021/06/21 12:16:53.246] - eth_getBalance
[2021/06/21 12:16:53.252] - eth_getTransactionCount
[2021/06/21 12:16:53.257] - eth_getBalance
[2021/06/21 12:16:53.263] - eth_getTransactionCount
[2021/06/21 12:16:53.268] - eth_getBalance
[2021/06/21 12:16:53.273] - eth_getTransactionCount
[2021/06/21 12:16:53.320] - eth_getBalance
[2021/06/21 12:16:53.327] - eth_getTransactionCount
[2021/06/21 12:16:53.333] - eth_getBalance
[2021/06/21 12:16:53.338] - eth_getTransactionCount
[2021/06/21 12:16:53.344] - eth_getBalance
[2021/06/21 12:16:53.350] - eth_getTransactionCount
[2021/06/21 12:16:53.357] - eth_getBalance
[2021/06/21 12:16:53.362] - eth_getTransactionCount
[2021/06/21 12:16:53.368] - eth_getBalance
[2021/06/21 12:16:53.374] - eth_getTransactionCount
[2021/06/21 12:16:53.380] - eth_getBalance
[2021/06/21 12:16:53.386] - eth_getTransactionCount
[2021/06/21 12:16:53.391] - eth_getBalance
[2021/06/21 12:16:53.397] - eth_getTransactionCount
[2021/06/21 12:16:53.403] - eth_getBalance
[2021/06/21 12:16:53.409] - eth_getTransactionCount
[2021/06/21 12:16:53.416] - eth_getBalance
[2021/06/21 12:16:53.420] - eth_getTransactionCount
[2021/06/21 12:16:53.424] - eth_getBalance
[2021/06/21 12:16:53.430] - eth_getTransactionCount
[2021/06/21 12:16:53.436] - eth_getBalance
[2021/06/21 12:16:53.440] - eth_getTransactionCount
[2021/06/21 12:16:53.446] - eth_getBalance
[2021/06/21 12:16:53.452] - eth_getTransactionCount
[2021/06/21 12:16:53.456] - eth_getBalance
[2021/06/21 12:16:53.463] - eth_getTransactionCount
[2021/06/21 12:16:53.468] - eth_getBalance
[2021/06/21 12:16:53.472] - eth_getTransactionCount
[2021/06/21 12:16:53.478] - eth_getBalance
[2021/06/21 12:16:53.483] - eth_getTransactionCount
[2021/06/21 12:16:53.488] - eth_getBalance
[2021/06/21 12:16:53.495] - eth_getTransactionCount
[2021/06/21 12:16:53.503] - eth_getBalance
[2021/06/21 12:16:53.506] - eth_getTransactionCount
[2021/06/21 12:16:53.511] - eth_getBalance
[2021/06/21 12:16:53.517] - eth_getTransactionCount
[2021/06/21 12:16:53.522] - eth_getBalance
[2021/06/21 12:16:53.527] - eth_getTransactionCount
[2021/06/21 12:16:53.532] - eth_getBalance
[2021/06/21 12:16:53.539] - eth_getTransactionCount
[2021/06/21 12:16:53.544] - eth_getBalance
[2021/06/21 12:16:53.550] - eth_getTransactionCount
[2021/06/21 12:16:53.555] - eth_getBalance
[2021/06/21 12:16:53.560] - eth_getTransactionCount
[2021/06/21 12:16:53.566] - eth_getBalance
[2021/06/21 12:16:53.571] - eth_getTransactionCount
[2021/06/21 12:16:53.577] - eth_getBalance
[2021/06/21 12:16:53.582] - eth_getTransactionCount
[2021/06/21 12:16:53.590] - eth_getBalance
[2021/06/21 12:16:53.595] - eth_getTransactionCount
[2021/06/21 12:16:53.599] - eth_getBalance
[2021/06/21 12:16:53.606] - eth_getTransactionCount
[2021/06/21 12:16:53.611] - eth_getBalance
[2021/06/21 12:16:53.616] - eth_getTransactionCount
[2021/06/21 12:16:53.622] - eth_getBalance
[2021/06/21 12:16:53.628] - eth_getTransactionCount
[2021/06/21 12:16:53.635] - eth_getBalance
[2021/06/21 12:16:53.640] - eth_getTransactionCount
[2021/06/21 12:16:53.645] - eth_getBalance
[2021/06/21 12:16:53.650] - eth_getTransactionCount
[2021/06/21 12:16:53.657] - eth_getBalance
[2021/06/21 12:16:53.662] - eth_getTransactionCount
[2021/06/21 12:16:53.669] - eth_getBalance
[2021/06/21 12:16:53.674] - eth_getTransactionCount
[2021/06/21 12:16:53.681] - eth_getBalance
[2021/06/21 12:16:53.687] - eth_getTransactionCount
[2021/06/21 12:16:53.692] - eth_getBalance
[2021/06/21 12:16:53.697] - eth_getTransactionCount
[2021/06/21 12:16:53.702] - eth_getBalance
[2021/06/21 12:16:53.708] - eth_getTransactionCount
[2021/06/21 12:16:53.714] - eth_getBalance
[2021/06/21 12:16:53.719] - eth_getTransactionCount
[2021/06/21 12:16:53.726] - eth_getBalance
[2021/06/21 12:16:53.731] - eth_getTransactionCount
[2021/06/21 12:16:53.737] - eth_getBalance
[2021/06/21 12:16:53.741] - eth_getTransactionCount
[2021/06/21 12:16:53.750] - eth_getBalance
[2021/06/21 12:16:53.758] - eth_getTransactionCount
[2021/06/21 12:16:53.758] - eth_getBalance
[2021/06/21 12:16:53.764] - eth_getTransactionCount
[2021/06/21 12:16:53.865] - eth_getTransactionCount
[2021/06/21 12:16:53.873] - eth_getBalance
[2021/06/21 12:16:53.879] - eth_getTransactionCount
[2021/06/21 12:16:53.885] - eth_getBalance
[2021/06/21 12:16:53.891] - eth_getTransactionCount
[2021/06/21 12:16:53.897] - eth_getBalance
[2021/06/21 12:16:53.902] - eth_getTransactionCount
[2021/06/21 12:16:53.909] - eth_getBalance
[2021/06/21 12:16:53.914] - eth_getTransactionCount
[2021/06/21 12:16:53.922] - eth_getBalance
[2021/06/21 12:16:53.929] - eth_getTransactionCount
[2021/06/21 12:16:53.934] - eth_getBalance
[2021/06/21 12:16:53.940] - eth_getTransactionCount
[2021/06/21 12:16:53.945] - eth_getBalance
[2021/06/21 12:16:53.951] - eth_getTransactionCount
[2021/06/21 12:16:53.956] - eth_getBalance
[2021/06/21 12:16:53.962] - eth_getTransactionCount
[2021/06/21 12:16:53.968] - eth_getBalance
[2021/06/21 12:16:53.974] - eth_getTransactionCount
[2021/06/21 12:16:53.979] - eth_getBalance
[2021/06/21 12:16:53.986] - eth_getTransactionCount
[2021/06/21 12:16:53.992] - eth_getBalance
[2021/06/21 12:16:53.999] - eth_getTransactionCount
[2021/06/21 12:16:54.007] - eth_getBalance
[2021/06/21 12:16:54.012] - eth_getTransactionCount
[2021/06/21 12:16:54.017] - eth_getBalance
[2021/06/21 12:16:54.025] - eth_getTransactionCount
[2021/06/21 12:16:54.029] - eth_getBalance
[2021/06/21 12:16:54.035] - eth_getTransactionCount
[2021/06/21 12:16:54.047] - eth_getBalance
[2021/06/21 12:16:54.047] - eth_getTransactionCount
[2021/06/21 12:16:54.055] - eth_getBalance
[2021/06/21 12:16:54.058] - eth_getTransactionCount
[2021/06/21 12:16:54.065] - eth_getBalance
[2021/06/21 12:16:54.072] - eth_getTransactionCount
[2021/06/21 12:16:54.078] - eth_getBalance
[2021/06/21 12:16:54.084] - eth_getTransactionCount
[2021/06/21 12:16:54.095] - eth_getBalance
[2021/06/21 12:16:54.095] - eth_getTransactionCount
[2021/06/21 12:17:00.043] - eth_getBlockByNumber
[2021/06/21 12:17:00.071] - eth_getBlockTransactionCountByHash
[2021/06/21 12:17:00.464] - eth_getBlockByNumber
[2021/06/21 17:18:50.296] - eth_blockNumber
[2021/06/21 17:18:50.326] - net_version
[2021/06/21 17:18:50.333] - eth_accounts
[2021/06/21 17:18:50.396] - eth_getBlockByNumber
[2021/06/21 17:18:50.420] - eth_accounts
[2021/06/21 17:18:50.445] - net_version
[2021/06/21 17:18:50.462] - eth_getBlockByNumber
[2021/06/21 17:18:50.476] - eth_getBlockByNumber
[2021/06/21 17:18:50.491] - net_version
[2021/06/21 17:18:50.511] - eth_getBlockByNumber
[2021/06/21 17:18:50.529] - eth_estimateGas
[2021/06/21 17:18:50.722] - net_version
[2021/06/21 17:18:50.723] - eth_blockNumber
[2021/06/21 17:18:50.732] - eth_getBlockByNumber
[2021/06/21 17:18:50.751] - eth_sendTransaction
[2021/06/21 17:18:50.772] - eth_call
[2021/06/21 17:26:17.227] - eth_blockNumber
[2021/06/21 17:26:17.241] - net_version
[2021/06/21 17:26:17.251] - eth_accounts
[2021/06/21 17:26:17.325] - eth_getBlockByNumber
[2021/06/21 17:26:17.335] - eth_accounts
[2021/06/21 17:26:17.370] - net_version
[2021/06/21 17:26:17.378] - eth_getBlockByNumber
[2021/06/21 17:26:17.395] - eth_getBlockByNumber
[2021/06/21 17:26:17.415] - net_version
[2021/06/21 17:26:17.427] - eth_getBlockByNumber
[2021/06/21 17:26:17.447] - eth_estimateGas
[2021/06/21 17:26:17.602] - net_version
[2021/06/21 17:26:17.603] - eth_blockNumber
[2021/06/21 17:26:17.616] - eth_getBlockByNumber
[2021/06/21 17:26:17.636] - eth_sendTransaction
[2021/06/21 17:26:17.664] - eth_call
[2021/06/21 17:27:17.361] - eth_blockNumber
[2021/06/21 17:27:17.386] - net_version
[2021/06/21 17:27:17.396] - eth_accounts
[2021/06/21 17:27:17.469] - eth_getBlockByNumber
[2021/06/21 17:27:17.480] - eth_accounts
[2021/06/21 17:27:17.511] - net_version
[2021/06/21 17:27:17.523] - eth_getBlockByNumber
[2021/06/21 17:27:17.540] - eth_getBlockByNumber
[2021/06/21 17:27:17.555] - net_version
[2021/06/21 17:27:17.572] - eth_getBlockByNumber
[2021/06/21 17:27:17.594] - eth_estimateGas
[2021/06/21 17:27:17.777] - net_version
[2021/06/21 17:27:17.778] - eth_blockNumber
[2021/06/21 17:27:17.794] - eth_getBlockByNumber
[2021/06/21 17:27:17.811] - eth_sendTransaction
[2021/06/21 17:27:17.857] - eth_call
[2021/06/21 17:28:52.237] - eth_blockNumber
[2021/06/21 17:28:52.261] - net_version
[2021/06/21 17:28:52.270] - eth_accounts
[2021/06/21 17:28:52.338] - eth_getBlockByNumber
[2021/06/21 17:28:52.354] - eth_accounts
[2021/06/21 17:28:52.395] - net_version
[2021/06/21 17:28:52.413] - eth_getBlockByNumber
[2021/06/21 17:28:52.431] - eth_getBlockByNumber
[2021/06/21 17:28:52.448] - net_version
[2021/06/21 17:28:52.485] - eth_getBlockByNumber
[2021/06/21 17:28:52.498] - eth_estimateGas
[2021/06/21 17:28:52.660] - net_version
[2021/06/21 17:28:52.661] - eth_blockNumber
[2021/06/21 17:28:52.669] - eth_getBlockByNumber
[2021/06/21 17:28:52.690] - eth_sendTransaction
[2021/06/21 17:28:52.706] - eth_call
[2021/06/21 17:38:39.197] - eth_unsubscribe
[2021/06/21 17:38:39.198] - eth_unsubscribe
