[2021/06/21 12:14:00.555] - Starting server with initial configuration: {"gasLimit":60000,"gasPrice":200000,"hardfork":"petersburg","hostname":"192.168.1.160","port":8080,"network_id":69420,"default_balance_ether":1000,"total_accounts":20,"unlocked_accounts":[],"locked":false,"vmErrorsOnRPCResponse":true,"verbose":false,"db_path":"C:\\Users\\Keon\\AppData\\Roaming\\Ganache\\workspaces\\Quickstart\\chaindata","logDirectory":"H:\\downloads\\solidity\\solidity-assignment\\ganache_output_logs"}
[2021/06/21 12:14:00.992] - eth_subscribe
[2021/06/21 12:14:00.993] - eth_getLogs
[2021/06/21 12:14:00.995] - eth_subscribe
[2021/06/21 12:14:01.055] - eth_subscribe
[2021/06/21 12:14:01.055] - eth_getLogs
[2021/06/21 12:14:01.056] - eth_subscribe
[2021/06/21 12:14:01.158] - eth_blockNumber
[2021/06/21 12:14:01.159] - eth_accounts
[2021/06/21 12:14:01.159] - eth_blockNumber
[2021/06/21 12:14:01.159] - eth_gasPrice
[2021/06/21 12:14:01.159] - eth_accounts
[2021/06/21 12:14:01.160] - eth_getBlockByNumber
[2021/06/21 12:14:01.160] - eth_gasPrice
[2021/06/21 12:14:01.161] - eth_subscribe
[2021/06/21 12:14:01.161] - eth_getBlockByNumber
[2021/06/21 12:14:01.162] - eth_subscribe
[2021/06/21 12:14:01.186] - eth_accounts
[2021/06/21 12:14:01.253] - eth_getBalance
[2021/06/21 12:14:01.262] - eth_getTransactionCount
[2021/06/21 12:14:01.273] - eth_getBalance
[2021/06/21 12:14:01.279] - eth_getTransactionCount
[2021/06/21 12:14:01.287] - eth_getBalance
[2021/06/21 12:14:01.294] - eth_getTransactionCount
[2021/06/21 12:14:01.302] - eth_getBalance
[2021/06/21 12:14:01.308] - eth_getTransactionCount
[2021/06/21 12:14:01.312] - eth_getBalance
[2021/06/21 12:14:01.319] - eth_getTransactionCount
[2021/06/21 12:14:01.325] - eth_getBalance
[2021/06/21 12:14:01.331] - eth_getTransactionCount
[2021/06/21 12:14:01.337] - eth_getBalance
[2021/06/21 12:14:01.345] - eth_getTransactionCount
[2021/06/21 12:14:01.352] - eth_getBalance
[2021/06/21 12:14:01.358] - eth_getTransactionCount
[2021/06/21 12:14:01.364] - eth_getBalance
[2021/06/21 12:14:01.371] - eth_getTransactionCount
[2021/06/21 12:14:01.375] - eth_getBalance
[2021/06/21 12:14:01.381] - eth_getTransactionCount
[2021/06/21 12:14:01.387] - eth_getBalance
[2021/06/21 12:14:01.392] - eth_getTransactionCount
[2021/06/21 12:14:01.399] - eth_getBalance
[2021/06/21 12:14:01.405] - eth_getTransactionCount
[2021/06/21 12:14:01.411] - eth_getBalance
[2021/06/21 12:14:01.421] - eth_getTransactionCount
[2021/06/21 12:14:01.431] - eth_getBalance
[2021/06/21 12:14:01.438] - eth_getTransactionCount
[2021/06/21 12:14:01.445] - eth_getBalance
[2021/06/21 12:14:01.451] - eth_getTransactionCount
[2021/06/21 12:14:01.457] - eth_getBalance
[2021/06/21 12:14:01.463] - eth_getTransactionCount
[2021/06/21 12:14:01.469] - eth_getBalance
[2021/06/21 12:14:01.477] - eth_getTransactionCount
[2021/06/21 12:14:01.481] - eth_getBalance
[2021/06/21 12:14:01.487] - eth_getTransactionCount
[2021/06/21 12:14:01.493] - eth_getBalance
[2021/06/21 12:14:01.498] - eth_getTransactionCount
[2021/06/21 12:14:01.503] - eth_getBalance
[2021/06/21 12:14:01.509] - eth_getTransactionCount
[2021/06/21 12:14:01.527] - eth_getBalance
[2021/06/21 12:14:01.533] - eth_getTransactionCount
[2021/06/21 12:14:01.539] - eth_getBalance
[2021/06/21 12:14:01.546] - eth_getTransactionCount
[2021/06/21 12:14:01.551] - eth_getBalance
[2021/06/21 12:14:01.556] - eth_getTransactionCount
[2021/06/21 12:14:01.562] - eth_getBalance
[2021/06/21 12:14:01.569] - eth_getTransactionCount
[2021/06/21 12:14:01.575] - eth_getBalance
[2021/06/21 12:14:01.580] - eth_getTransactionCount
[2021/06/21 12:14:01.586] - eth_getBalance
[2021/06/21 12:14:01.592] - eth_getTransactionCount
[2021/06/21 12:14:01.597] - eth_getBalance
[2021/06/21 12:14:01.603] - eth_getTransactionCount
[2021/06/21 12:14:01.608] - eth_getBalance
[2021/06/21 12:14:01.613] - eth_getTransactionCount
[2021/06/21 12:14:01.620] - eth_getBalance
[2021/06/21 12:14:01.626] - eth_getTransactionCount
[2021/06/21 12:14:01.632] - eth_getBalance
[2021/06/21 12:14:01.638] - eth_getTransactionCount
[2021/06/21 12:14:01.643] - eth_getBalance
[2021/06/21 12:14:01.657] - eth_getTransactionCount
[2021/06/21 12:14:01.657] - eth_getBalance
[2021/06/21 12:14:01.662] - eth_getTransactionCount
[2021/06/21 12:14:01.669] - eth_getBalance
[2021/06/21 12:14:01.673] - eth_getTransactionCount
[2021/06/21 12:14:01.680] - eth_getBalance
[2021/06/21 12:14:01.685] - eth_getTransactionCount
[2021/06/21 12:14:01.690] - eth_getBalance
[2021/06/21 12:14:01.697] - eth_getTransactionCount
[2021/06/21 12:14:01.703] - eth_getBalance
[2021/06/21 12:14:01.707] - eth_getTransactionCount
[2021/06/21 12:14:01.714] - eth_getBalance
[2021/06/21 12:14:01.720] - eth_getTransactionCount
[2021/06/21 12:14:01.725] - eth_getBalance
[2021/06/21 12:14:01.731] - eth_getTransactionCount
[2021/06/21 12:14:01.737] - eth_getBalance
[2021/06/21 12:14:01.742] - eth_getTransactionCount
[2021/06/21 12:14:01.748] - eth_getBalance
[2021/06/21 12:14:01.752] - eth_getTransactionCount
[2021/06/21 12:14:01.760] - eth_getBalance
[2021/06/21 12:14:01.765] - eth_getTransactionCount
[2021/06/21 12:14:01.769] - eth_getBalance
[2021/06/21 12:14:01.775] - eth_getTransactionCount
[2021/06/21 12:14:01.781] - eth_getBalance
[2021/06/21 12:14:01.785] - eth_getTransactionCount
[2021/06/21 12:14:01.791] - eth_getBalance
[2021/06/21 12:14:01.796] - eth_getTransactionCount
[2021/06/21 12:14:01.803] - eth_getBalance
[2021/06/21 12:14:01.810] - eth_getTransactionCount
[2021/06/21 12:14:01.816] - eth_getBalance
[2021/06/21 12:14:01.821] - eth_getTransactionCount
[2021/06/21 12:14:01.827] - eth_getBalance
[2021/06/21 12:14:01.834] - eth_getTransactionCount
[2021/06/21 12:14:01.838] - eth_getBalance
[2021/06/21 12:14:01.843] - eth_getTransactionCount
[2021/06/21 12:14:01.850] - eth_getBalance
[2021/06/21 12:14:01.856] - eth_getTransactionCount
[2021/06/21 12:14:01.862] - eth_getBalance
[2021/06/21 12:14:01.867] - eth_getTransactionCount
[2021/06/21 12:14:01.873] - eth_getBalance
[2021/06/21 12:14:01.879] - eth_getTransactionCount
[2021/06/21 12:14:01.887] - eth_getBalance
[2021/06/21 12:14:01.891] - eth_getTransactionCount
[2021/06/21 12:14:01.896] - eth_getBalance
[2021/06/21 12:14:01.903] - eth_getTransactionCount
[2021/06/21 12:14:01.909] - eth_getBalance
[2021/06/21 12:14:01.915] - eth_getTransactionCount
[2021/06/21 12:14:01.921] - eth_getBalance
[2021/06/21 12:14:01.926] - eth_getTransactionCount
[2021/06/21 12:14:01.932] - eth_getBalance
[2021/06/21 12:14:01.937] - eth_getTransactionCount
[2021/06/21 12:14:01.942] - eth_getBalance
[2021/06/21 12:14:01.949] - eth_getTransactionCount
[2021/06/21 12:14:01.954] - eth_getBalance
[2021/06/21 12:14:01.959] - eth_getTransactionCount
[2021/06/21 12:14:01.965] - eth_getBalance
[2021/06/21 12:14:01.971] - eth_getTransactionCount
[2021/06/21 12:14:01.975] - eth_getBalance
[2021/06/21 12:14:01.982] - eth_getTransactionCount
[2021/06/21 12:14:02.081] - eth_getBalance
[2021/06/21 12:14:02.087] - eth_getTransactionCount
[2021/06/21 12:14:02.093] - eth_getBalance
[2021/06/21 12:14:02.098] - eth_getTransactionCount
[2021/06/21 12:14:02.105] - eth_getBalance
[2021/06/21 12:14:02.111] - eth_getTransactionCount
[2021/06/21 12:14:02.117] - eth_getBalance
[2021/06/21 12:14:02.121] - eth_getTransactionCount
[2021/06/21 12:14:02.127] - eth_getBalance
[2021/06/21 12:14:02.132] - eth_getTransactionCount
[2021/06/21 12:14:02.137] - eth_getBalance
[2021/06/21 12:14:02.144] - eth_getTransactionCount
[2021/06/21 12:14:02.150] - eth_getBalance
[2021/06/21 12:14:02.156] - eth_getTransactionCount
[2021/06/21 12:14:02.161] - eth_getBalance
[2021/06/21 12:14:02.166] - eth_getTransactionCount
[2021/06/21 12:14:02.172] - eth_getBalance
[2021/06/21 12:14:02.178] - eth_getTransactionCount
[2021/06/21 12:14:02.183] - eth_getBalance
[2021/06/21 12:14:02.189] - eth_getTransactionCount
[2021/06/21 12:14:02.195] - eth_getBalance
[2021/06/21 12:14:02.200] - eth_getTransactionCount
[2021/06/21 12:14:02.206] - eth_getBalance
[2021/06/21 12:14:02.212] - eth_getTransactionCount
[2021/06/21 12:14:02.216] - eth_getBalance
[2021/06/21 12:14:02.224] - eth_getTransactionCount
[2021/06/21 12:14:02.229] - eth_getBalance
[2021/06/21 12:14:02.234] - eth_getTransactionCount
[2021/06/21 12:14:02.239] - eth_getBalance
[2021/06/21 12:14:02.245] - eth_getTransactionCount
[2021/06/21 12:14:02.250] - eth_getBalance
[2021/06/21 12:14:02.255] - eth_getTransactionCount
[2021/06/21 12:14:02.260] - eth_getBalance
[2021/06/21 12:14:02.265] - eth_getTransactionCount
[2021/06/21 12:14:02.269] - eth_getBalance
[2021/06/21 12:14:02.274] - eth_getTransactionCount
[2021/06/21 12:14:02.279] - eth_getBalance
[2021/06/21 12:14:02.286] - eth_getTransactionCount
[2021/06/21 12:14:02.290] - eth_getBalance
[2021/06/21 12:14:02.295] - eth_getTransactionCount
[2021/06/21 12:14:30.122] - eth_getBlockByNumber
[2021/06/21 12:14:30.151] - eth_getBlockTransactionCountByHash
[2021/06/21 12:14:35.287] - eth_getBlockByNumber
[2021/06/21 12:15:38.191] - eth_unsubscribe
[2021/06/21 12:15:38.191] - eth_unsubscribe
