[2021/06/21 17:38:39.392] - Starting server with initial configuration: {"gasLimit":6721975,"gasPrice":20000000000,"hardfork":"petersburg","hostname":"192.168.1.160","port":8080,"network_id":69420,"default_balance_ether":1000,"total_accounts":20,"unlocked_accounts":[],"locked":false,"vmErrorsOnRPCResponse":true,"verbose":false,"db_path":"C:\\Users\\Keon\\AppData\\Roaming\\Ganache\\workspaces\\Quickstart\\chaindata","logDirectory":"H:\\downloads\\solidity\\solidity-assignment\\ganache_output_logs"}
[2021/06/21 17:38:39.831] - eth_subscribe
[2021/06/21 17:38:39.832] - eth_getLogs
[2021/06/21 17:38:39.835] - eth_subscribe
[2021/06/21 17:38:39.911] - eth_subscribe
[2021/06/21 17:38:39.911] - eth_getLogs
[2021/06/21 17:38:39.912] - eth_subscribe
[2021/06/21 17:38:40.018] - eth_blockNumber
[2021/06/21 17:38:40.018] - eth_accounts
[2021/06/21 17:38:40.019] - eth_blockNumber
[2021/06/21 17:38:40.019] - eth_gasPrice
[2021/06/21 17:38:40.019] - eth_accounts
[2021/06/21 17:38:40.019] - eth_getBlockByNumber
[2021/06/21 17:38:40.020] - eth_gasPrice
[2021/06/21 17:38:40.020] - eth_subscribe
[2021/06/21 17:38:40.020] - eth_getBlockByNumber
[2021/06/21 17:38:40.020] - eth_subscribe
[2021/06/21 17:38:40.039] - eth_accounts
[2021/06/21 17:38:40.076] - eth_getBalance
[2021/06/21 17:38:40.082] - eth_getTransactionCount
[2021/06/21 17:38:40.089] - eth_getBalance
[2021/06/21 17:38:40.097] - eth_getTransactionCount
[2021/06/21 17:38:40.104] - eth_getBalance
[2021/06/21 17:38:40.110] - eth_getTransactionCount
[2021/06/21 17:38:40.117] - eth_getBalance
[2021/06/21 17:38:40.123] - eth_getTransactionCount
[2021/06/21 17:38:40.128] - eth_getBalance
[2021/06/21 17:38:40.134] - eth_getTransactionCount
[2021/06/21 17:38:40.140] - eth_getBalance
[2021/06/21 17:38:40.146] - eth_getTransactionCount
[2021/06/21 17:38:40.152] - eth_getBalance
[2021/06/21 17:38:40.161] - eth_getTransactionCount
[2021/06/21 17:38:40.170] - eth_getBalance
[2021/06/21 17:38:40.172] - eth_getTransactionCount
[2021/06/21 17:38:40.178] - eth_getBalance
[2021/06/21 17:38:40.185] - eth_getTransactionCount
[2021/06/21 17:38:40.196] - eth_getBalance
[2021/06/21 17:38:40.197] - eth_getTransactionCount
[2021/06/21 17:38:40.205] - eth_getBalance
[2021/06/21 17:38:40.217] - eth_getTransactionCount
[2021/06/21 17:38:40.218] - eth_getBalance
[2021/06/21 17:38:40.223] - eth_getTransactionCount
[2021/06/21 17:38:40.227] - eth_getBalance
[2021/06/21 17:38:40.234] - eth_getTransactionCount
[2021/06/21 17:38:40.249] - eth_getBalance
[2021/06/21 17:38:40.249] - eth_getTransactionCount
[2021/06/21 17:38:40.255] - eth_getBalance
[2021/06/21 17:38:40.260] - eth_getTransactionCount
[2021/06/21 17:38:40.266] - eth_getBalance
[2021/06/21 17:38:40.271] - eth_getTransactionCount
[2021/06/21 17:38:40.277] - eth_getBalance
[2021/06/21 17:38:40.282] - eth_getTransactionCount
[2021/06/21 17:38:40.288] - eth_getBalance
[2021/06/21 17:38:40.294] - eth_getTransactionCount
[2021/06/21 17:38:40.299] - eth_getBalance
[2021/06/21 17:38:40.304] - eth_getTransactionCount
[2021/06/21 17:38:40.310] - eth_getBalance
[2021/06/21 17:38:40.315] - eth_getTransactionCount
[2021/06/21 17:38:40.362] - eth_getBalance
[2021/06/21 17:38:40.369] - eth_getTransactionCount
[2021/06/21 17:38:40.377] - eth_getBalance
[2021/06/21 17:38:40.382] - eth_getTransactionCount
[2021/06/21 17:38:40.387] - eth_getBalance
[2021/06/21 17:38:40.393] - eth_getTransactionCount
[2021/06/21 17:38:40.398] - eth_getBalance
[2021/06/21 17:38:40.405] - eth_getTransactionCount
[2021/06/21 17:38:40.412] - eth_getBalance
[2021/06/21 17:38:40.419] - eth_getTransactionCount
[2021/06/21 17:38:40.426] - eth_getBalance
[2021/06/21 17:38:40.433] - eth_getTransactionCount
[2021/06/21 17:38:40.441] - eth_getBalance
[2021/06/21 17:38:40.447] - eth_getTransactionCount
[2021/06/21 17:38:40.454] - eth_getBalance
[2021/06/21 17:38:40.460] - eth_getTransactionCount
[2021/06/21 17:38:40.469] - eth_getBalance
[2021/06/21 17:38:40.475] - eth_getTransactionCount
[2021/06/21 17:38:40.480] - eth_getBalance
[2021/06/21 17:38:40.488] - eth_getTransactionCount
[2021/06/21 17:38:40.493] - eth_getBalance
[2021/06/21 17:38:40.500] - eth_getTransactionCount
[2021/06/21 17:38:40.507] - eth_getBalance
[2021/06/21 17:38:40.514] - eth_getTransactionCount
[2021/06/21 17:38:40.520] - eth_getBalance
[2021/06/21 17:38:40.526] - eth_getTransactionCount
[2021/06/21 17:38:40.532] - eth_getBalance
[2021/06/21 17:38:40.538] - eth_getTransactionCount
[2021/06/21 17:38:40.544] - eth_getBalance
[2021/06/21 17:38:40.550] - eth_getTransactionCount
[2021/06/21 17:38:40.557] - eth_getBalance
[2021/06/21 17:38:40.565] - eth_getTransactionCount
[2021/06/21 17:38:40.571] - eth_getBalance
[2021/06/21 17:38:40.577] - eth_getTransactionCount
[2021/06/21 17:38:40.585] - eth_getBalance
[2021/06/21 17:38:40.590] - eth_getTransactionCount
[2021/06/21 17:38:40.597] - eth_getBalance
[2021/06/21 17:38:40.605] - eth_getTransactionCount
[2021/06/21 17:38:40.611] - eth_getBalance
[2021/06/21 17:38:40.617] - eth_getTransactionCount
[2021/06/21 17:38:40.623] - eth_getBalance
[2021/06/21 17:38:40.630] - eth_getTransactionCount
[2021/06/21 17:38:40.636] - eth_getBalance
[2021/06/21 17:38:40.642] - eth_getTransactionCount
[2021/06/21 17:38:40.649] - eth_getBalance
[2021/06/21 17:38:40.655] - eth_getTransactionCount
[2021/06/21 17:38:40.662] - eth_getBalance
[2021/06/21 17:38:40.669] - eth_getTransactionCount
[2021/06/21 17:38:40.676] - eth_getBalance
[2021/06/21 17:38:40.682] - eth_getTransactionCount
[2021/06/21 17:38:40.688] - eth_getBalance
[2021/06/21 17:38:40.696] - eth_getTransactionCount
[2021/06/21 17:38:40.701] - eth_getBalance
[2021/06/21 17:38:40.708] - eth_getTransactionCount
[2021/06/21 17:38:40.715] - eth_getBalance
[2021/06/21 17:38:40.721] - eth_getTransactionCount
[2021/06/21 17:38:40.727] - eth_getBalance
[2021/06/21 17:38:40.733] - eth_getTransactionCount
[2021/06/21 17:38:40.741] - eth_getBalance
[2021/06/21 17:38:40.746] - eth_getTransactionCount
[2021/06/21 17:38:40.752] - eth_getBalance
[2021/06/21 17:38:40.758] - eth_getTransactionCount
[2021/06/21 17:38:40.764] - eth_getBalance
[2021/06/21 17:38:40.770] - eth_getTransactionCount
[2021/06/21 17:38:40.776] - eth_getBalance
[2021/06/21 17:38:40.782] - eth_getTransactionCount
[2021/06/21 17:38:40.789] - eth_getBalance
[2021/06/21 17:38:40.795] - eth_getTransactionCount
[2021/06/21 17:38:40.802] - eth_getBalance
[2021/06/21 17:38:40.807] - eth_getTransactionCount
[2021/06/21 17:38:40.819] - eth_getBalance
[2021/06/21 17:38:40.820] - eth_getTransactionCount
[2021/06/21 17:38:40.834] - eth_getBalance
[2021/06/21 17:38:40.835] - eth_getTransactionCount
[2021/06/21 17:38:40.840] - eth_getBalance
[2021/06/21 17:38:40.846] - eth_getTransactionCount
[2021/06/21 17:38:40.853] - eth_getBalance
[2021/06/21 17:38:40.859] - eth_getTransactionCount
[2021/06/21 17:38:40.864] - eth_getBalance
[2021/06/21 17:38:40.872] - eth_getTransactionCount
[2021/06/21 17:38:40.982] - eth_getBalance
[2021/06/21 17:38:40.988] - eth_getTransactionCount
[2021/06/21 17:38:40.995] - eth_getBalance
[2021/06/21 17:38:41.001] - eth_getTransactionCount
[2021/06/21 17:38:41.006] - eth_getBalance
[2021/06/21 17:38:41.015] - eth_getTransactionCount
[2021/06/21 17:38:41.020] - eth_getBalance
[2021/06/21 17:38:41.027] - eth_getTransactionCount
[2021/06/21 17:38:41.033] - eth_getBalance
[2021/06/21 17:38:41.040] - eth_getTransactionCount
[2021/06/21 17:38:41.046] - eth_getBalance
[2021/06/21 17:38:41.052] - eth_getTransactionCount
[2021/06/21 17:38:41.060] - eth_getBalance
[2021/06/21 17:38:41.066] - eth_getTransactionCount
[2021/06/21 17:38:41.072] - eth_getBalance
[2021/06/21 17:38:41.078] - eth_getTransactionCount
[2021/06/21 17:38:41.084] - eth_getBalance
[2021/06/21 17:38:41.091] - eth_getTransactionCount
[2021/06/21 17:38:41.097] - eth_getBalance
[2021/06/21 17:38:41.105] - eth_getTransactionCount
[2021/06/21 17:38:41.110] - eth_getBalance
[2021/06/21 17:38:41.116] - eth_getTransactionCount
[2021/06/21 17:38:41.123] - eth_getBalance
[2021/06/21 17:38:41.129] - eth_getTransactionCount
[2021/06/21 17:38:41.136] - eth_getBalance
[2021/06/21 17:38:41.142] - eth_getTransactionCount
[2021/06/21 17:38:41.150] - eth_getBalance
[2021/06/21 17:38:41.157] - eth_getTransactionCount
[2021/06/21 17:38:41.162] - eth_getBalance
[2021/06/21 17:38:41.169] - eth_getTransactionCount
[2021/06/21 17:38:41.175] - eth_getBalance
[2021/06/21 17:38:41.181] - eth_getTransactionCount
[2021/06/21 17:38:41.187] - eth_getBalance
[2021/06/21 17:38:41.194] - eth_getTransactionCount
[2021/06/21 17:38:41.200] - eth_getBalance
[2021/06/21 17:38:41.207] - eth_getTransactionCount
[2021/06/21 17:38:41.212] - eth_getBalance
[2021/06/21 17:38:41.219] - eth_getTransactionCount
[2021/06/21 17:40:04.736] - eth_blockNumber
[2021/06/21 17:40:04.748] - net_version
[2021/06/21 17:40:04.758] - eth_accounts
[2021/06/21 17:40:04.833] - eth_getBlockByNumber
[2021/06/21 17:40:04.859] - eth_accounts
[2021/06/21 17:40:04.884] - net_version
[2021/06/21 17:40:04.900] - eth_getBlockByNumber
[2021/06/21 17:40:04.922] - eth_getBlockByNumber
[2021/06/21 17:40:04.933] - net_version
[2021/06/21 17:40:04.948] - eth_getBlockByNumber
[2021/06/21 17:40:04.974] - eth_estimateGas
[2021/06/21 17:40:05.332] - net_version
[2021/06/21 17:40:05.333] - eth_blockNumber
[2021/06/21 17:40:05.337] - eth_getBlockByNumber
[2021/06/21 17:40:05.348] - eth_sendTransaction
[2021/06/21 17:40:05.495] - 
[2021/06/21 17:40:05.496] -   Transaction: 0x58bc3db81e8db2104bbda3f5b517c9f1ccc1025cec8144e77f42280081ffb6be
[2021/06/21 17:40:05.496] -   Contract created: 0x66c28814826614b3978820dd44012dd703fc5ba2
[2021/06/21 17:40:05.496] -   Gas usage: 191250
[2021/06/21 17:40:05.496] -   Block Number: 1
[2021/06/21 17:40:05.503] -   Block Time: Mon Jun 21 2021 17:40:05 GMT-0400 (Eastern Daylight Time)
[2021/06/21 17:40:05.504] - 
[2021/06/21 17:40:05.507] - eth_getBlockByNumber
[2021/06/21 17:40:05.510] - eth_getTransactionReceipt
[2021/06/21 17:40:05.519] - eth_getBalance
[2021/06/21 17:40:05.524] - eth_getCode
[2021/06/21 17:40:05.525] - eth_getTransactionCount
[2021/06/21 17:40:05.532] - eth_getTransactionByHash
[2021/06/21 17:40:05.541] - eth_getBalance
[2021/06/21 17:40:05.543] - eth_getBlockByNumber
[2021/06/21 17:40:05.546] - eth_getTransactionCount
[2021/06/21 17:40:05.549] - eth_getBalance
[2021/06/21 17:40:05.557] - eth_getBalance
[2021/06/21 17:40:05.564] - eth_getBlockByNumber
[2021/06/21 17:40:05.568] - eth_getTransactionCount
[2021/06/21 17:40:05.574] - eth_getBlockByNumber
[2021/06/21 17:40:05.578] - eth_getBalance
[2021/06/21 17:40:05.586] - eth_getTransactionCount
[2021/06/21 17:40:05.589] - eth_sendTransaction
[2021/06/21 17:40:05.597] - eth_getBalance
[2021/06/21 17:40:05.603] - eth_getTransactionCount
[2021/06/21 17:40:05.613] - eth_getBalance
[2021/06/21 17:40:05.626] - eth_getTransactionCount
[2021/06/21 17:40:05.638] - eth_getBalance
[2021/06/21 17:40:05.648] - eth_getTransactionCount
[2021/06/21 17:40:05.659] - eth_getBalance
[2021/06/21 17:40:05.669] - eth_getTransactionCount
[2021/06/21 17:40:05.682] - eth_getBalance
[2021/06/21 17:40:05.688] - eth_getTransactionCount
[2021/06/21 17:40:05.701] - eth_getBalance
[2021/06/21 17:40:05.708] - eth_getTransactionCount
[2021/06/21 17:40:05.719] - eth_getBalance
[2021/06/21 17:40:05.728] - eth_getTransactionCount
[2021/06/21 17:40:05.739] - eth_getBalance
[2021/06/21 17:40:05.747] - eth_getTransactionCount
[2021/06/21 17:40:05.757] - 
[2021/06/21 17:40:05.758] -   Transaction: 0x1f4ab66dd4de0f7eef8e17151d09ccb5342008866becdb8ede06bc610d7be04c
[2021/06/21 17:40:05.758] -   Gas usage: 41939
[2021/06/21 17:40:05.758] -   Block Number: 2
[2021/06/21 17:40:05.758] -   Block Time: Mon Jun 21 2021 17:40:05 GMT-0400 (Eastern Daylight Time)
[2021/06/21 17:40:05.758] - 
[2021/06/21 17:40:05.761] - eth_getBlockByNumber
[2021/06/21 17:40:05.764] - eth_getTransactionReceipt
[2021/06/21 17:40:05.765] - eth_getBalance
[2021/06/21 17:40:05.774] - eth_getTransactionCount
[2021/06/21 17:40:05.782] - eth_getBalance
[2021/06/21 17:40:05.790] - eth_getTransactionCount
[2021/06/21 17:40:05.798] - eth_getBalance
[2021/06/21 17:40:05.808] - eth_getTransactionCount
[2021/06/21 17:40:05.818] - eth_getBalance
[2021/06/21 17:40:05.830] - eth_getTransactionCount
[2021/06/21 17:40:05.838] - eth_getBalance
[2021/06/21 17:40:05.846] - eth_getTransactionCount
[2021/06/21 17:40:05.857] - eth_getBalance
[2021/06/21 17:40:05.865] - eth_getTransactionCount
[2021/06/21 17:40:05.876] - eth_getBalance
[2021/06/21 17:40:05.888] - eth_getTransactionCount
[2021/06/21 17:40:05.899] - eth_getBalance
[2021/06/21 17:40:05.901] - eth_getBlockByNumber
[2021/06/21 17:40:05.912] - eth_getTransactionCount
[2021/06/21 17:40:05.940] - eth_getBalance
[2021/06/21 17:40:05.951] - eth_getTransactionCount
[2021/06/21 17:40:05.962] - eth_getBalance
[2021/06/21 17:40:05.975] - eth_getTransactionCount
[2021/06/21 17:40:05.988] - eth_getBalance
[2021/06/21 17:40:05.994] - eth_getTransactionCount
[2021/06/21 17:40:06.005] - eth_getBalance
[2021/06/21 17:40:06.014] - eth_getTransactionCount
[2021/06/21 17:40:06.018] - eth_accounts
[2021/06/21 17:40:06.025] - eth_getBalance
[2021/06/21 17:40:06.037] - eth_getTransactionCount
[2021/06/21 17:40:06.047] - eth_getBalance
[2021/06/21 17:40:06.057] - eth_getTransactionCount
[2021/06/21 17:40:06.064] - eth_getBalance
[2021/06/21 17:40:06.074] - eth_getTransactionCount
[2021/06/21 17:40:06.083] - eth_getBalance
[2021/06/21 17:40:06.098] - eth_getTransactionCount
[2021/06/21 17:40:06.109] - eth_getBalance
[2021/06/21 17:40:06.119] - net_version
[2021/06/21 17:40:06.120] - eth_getTransactionCount
[2021/06/21 17:40:06.128] - eth_getBalance
[2021/06/21 17:40:06.137] - eth_getTransactionCount
[2021/06/21 17:40:06.145] - eth_getBalance
[2021/06/21 17:40:06.154] - eth_getTransactionCount
[2021/06/21 17:40:06.174] - eth_getBlockByNumber
[2021/06/21 17:40:06.183] - eth_getBalance
[2021/06/21 17:40:06.184] - eth_getTransactionCount
[2021/06/21 17:40:06.186] - eth_getBalance
[2021/06/21 17:40:06.195] - eth_getTransactionCount
[2021/06/21 17:40:06.201] - eth_getBlockByNumber
[2021/06/21 17:40:06.206] - eth_getBalance
[2021/06/21 17:40:06.216] - eth_getTransactionCount
[2021/06/21 17:40:06.220] - net_version
[2021/06/21 17:40:06.226] - eth_getBlockByNumber
[2021/06/21 17:40:06.230] - eth_getBalance
[2021/06/21 17:40:06.236] - eth_estimateGas
[2021/06/21 17:40:06.237] - eth_getTransactionCount
[2021/06/21 17:40:06.250] - eth_getBalance
[2021/06/21 17:40:06.276] - eth_getTransactionCount
[2021/06/21 17:40:06.277] - eth_getBalance
[2021/06/21 17:40:06.283] - eth_getTransactionCount
[2021/06/21 17:40:06.289] - eth_getBalance
[2021/06/21 17:40:06.298] - eth_getTransactionCount
[2021/06/21 17:40:06.311] - eth_getBalance
[2021/06/21 17:40:06.312] - eth_getTransactionCount
[2021/06/21 17:40:06.321] - eth_getBalance
[2021/06/21 17:40:06.330] - eth_getTransactionCount
[2021/06/21 17:40:06.503] - net_version
[2021/06/21 17:40:06.504] - eth_blockNumber
[2021/06/21 17:40:06.529] - eth_getBlockByNumber
[2021/06/21 17:40:06.610] - eth_getBlockByNumber
[2021/06/21 17:40:06.613] - eth_getBlockByNumber
[2021/06/21 17:40:06.619] - eth_sendTransaction
[2021/06/21 17:40:06.835] - 
[2021/06/21 17:40:06.835] -   Transaction: 0xab9bfc82f31a658873c18d3b1989088121ab1e76cf6a416c82dcdd6d08cde07f
[2021/06/21 17:40:06.835] -   Contract created: 0xb1287704a145d13b6d52158ad3579a5f60c05f88
[2021/06/21 17:40:06.835] -   Gas usage: 1157034
[2021/06/21 17:40:06.836] -   Block Number: 3
[2021/06/21 17:40:06.836] -   Block Time: Mon Jun 21 2021 17:40:06 GMT-0400 (Eastern Daylight Time)
[2021/06/21 17:40:06.836] - 
[2021/06/21 17:40:06.838] - eth_getBlockByNumber
[2021/06/21 17:40:06.839] - eth_getTransactionReceipt
[2021/06/21 17:40:06.866] - eth_getCode
[2021/06/21 17:40:06.880] - eth_getTransactionByHash
[2021/06/21 17:40:06.894] - eth_getBlockByNumber
[2021/06/21 17:40:06.897] - eth_getBlockByNumber
[2021/06/21 17:40:06.900] - eth_getBlockByNumber
[2021/06/21 17:40:06.904] - eth_getBalance
[2021/06/21 17:40:06.926] - net_version
[2021/06/21 17:40:06.961] - eth_getBlockByNumber
[2021/06/21 17:40:06.972] - eth_getBlockByNumber
[2021/06/21 17:40:06.988] - net_version
[2021/06/21 17:40:07.002] - eth_getBlockByNumber
[2021/06/21 17:40:07.020] - eth_estimateGas
[2021/06/21 17:40:07.058] - eth_getBalance
[2021/06/21 17:40:07.067] - eth_getTransactionCount
[2021/06/21 17:40:07.071] - eth_getBalance
[2021/06/21 17:40:07.077] - eth_getTransactionCount
[2021/06/21 17:40:07.087] - eth_getBalance
[2021/06/21 17:40:07.095] - eth_getTransactionCount
[2021/06/21 17:40:07.107] - eth_getBalance
[2021/06/21 17:40:07.118] - eth_getTransactionCount
[2021/06/21 17:40:07.129] - eth_getBalance
[2021/06/21 17:40:07.137] - eth_getTransactionCount
[2021/06/21 17:40:07.146] - eth_getBalance
[2021/06/21 17:40:07.154] - eth_getTransactionCount
[2021/06/21 17:40:07.165] - eth_getBalance
[2021/06/21 17:40:07.171] - eth_getTransactionCount
[2021/06/21 17:40:07.179] - eth_getBalance
[2021/06/21 17:40:07.189] - eth_getTransactionCount
[2021/06/21 17:40:07.197] - net_version
[2021/06/21 17:40:07.200] - eth_blockNumber
[2021/06/21 17:40:07.202] - eth_getBalance
[2021/06/21 17:40:07.209] - eth_getTransactionCount
[2021/06/21 17:40:07.225] - eth_getBalance
[2021/06/21 17:40:07.234] - eth_getTransactionCount
[2021/06/21 17:40:07.244] - eth_getBalance
[2021/06/21 17:40:07.255] - eth_getTransactionCount
[2021/06/21 17:40:07.262] - eth_getBalance
[2021/06/21 17:40:07.271] - eth_getTransactionCount
[2021/06/21 17:40:07.278] - eth_getBalance
[2021/06/21 17:40:07.287] - eth_getTransactionCount
[2021/06/21 17:40:07.292] - eth_getBlockByNumber
[2021/06/21 17:40:07.299] - eth_getBalance
[2021/06/21 17:40:07.307] - eth_getTransactionCount
[2021/06/21 17:40:07.316] - eth_getBalance
[2021/06/21 17:40:07.327] - eth_getTransactionCount
[2021/06/21 17:40:07.336] - eth_getBalance
[2021/06/21 17:40:07.346] - eth_getTransactionCount
[2021/06/21 17:40:07.353] - eth_sendTransaction
[2021/06/21 17:40:07.356] - eth_getBalance
[2021/06/21 17:40:07.365] - eth_getTransactionCount
[2021/06/21 17:40:07.372] - eth_getBalance
[2021/06/21 17:40:07.388] - eth_getTransactionCount
[2021/06/21 17:40:07.389] - eth_getBalance
[2021/06/21 17:40:07.399] - eth_getTransactionCount
[2021/06/21 17:40:07.478] - eth_getBalance
[2021/06/21 17:40:07.484] - eth_getTransactionCount
[2021/06/21 17:40:07.490] - eth_getBalance
[2021/06/21 17:40:07.498] - eth_getTransactionCount
[2021/06/21 17:40:07.505] - eth_getBalance
[2021/06/21 17:40:07.515] - eth_getTransactionCount
[2021/06/21 17:40:07.521] - eth_getBalance
[2021/06/21 17:40:07.530] - 
[2021/06/21 17:40:07.530] -   Transaction: 0x503e15fc29e35e755951126a0174e50e8a15d6705ff3eb10a1f3d53e8ac5f866
[2021/06/21 17:40:07.530] -   Contract created: 0xda81d11ee46ae70fc75a826999be42429b737466
[2021/06/21 17:40:07.530] -   Gas usage: 97720
[2021/06/21 17:40:07.531] -   Block Number: 4
[2021/06/21 17:40:07.531] -   Block Time: Mon Jun 21 2021 17:40:07 GMT-0400 (Eastern Daylight Time)
[2021/06/21 17:40:07.532] - 
[2021/06/21 17:40:07.538] - eth_getBlockByNumber
[2021/06/21 17:40:07.539] - eth_getTransactionCount
[2021/06/21 17:40:07.544] - eth_getBlockByNumber
[2021/06/21 17:40:07.545] - eth_getTransactionReceipt
[2021/06/21 17:40:07.545] - eth_getTransactionCount
[2021/06/21 17:40:07.553] - eth_getBalance
[2021/06/21 17:40:07.560] - eth_getTransactionCount
[2021/06/21 17:40:07.573] - eth_getBalance
[2021/06/21 17:40:07.578] - eth_getTransactionCount
[2021/06/21 17:40:07.585] - eth_getBalance
[2021/06/21 17:40:07.594] - eth_getTransactionCount
[2021/06/21 17:40:07.603] - eth_getBalance
[2021/06/21 17:40:07.611] - eth_getTransactionCount
[2021/06/21 17:40:07.620] - eth_getBalance
[2021/06/21 17:40:07.631] - eth_getTransactionCount
[2021/06/21 17:40:07.636] - eth_getBlockByNumber
[2021/06/21 17:40:07.638] - eth_getCode
[2021/06/21 17:40:07.639] - eth_getBalance
[2021/06/21 17:40:07.649] - eth_getTransactionCount
[2021/06/21 17:40:07.660] - eth_getBalance
[2021/06/21 17:40:07.670] - eth_getTransactionCount
[2021/06/21 17:40:07.681] - eth_getBalance
[2021/06/21 17:40:07.689] - eth_getTransactionCount
[2021/06/21 17:40:07.699] - eth_getBalance
[2021/06/21 17:40:07.706] - eth_getTransactionCount
[2021/06/21 17:40:07.713] - eth_getBalance
[2021/06/21 17:40:07.720] - eth_getTransactionByHash
[2021/06/21 17:40:07.720] - eth_getTransactionCount
[2021/06/21 17:40:07.729] - eth_getBalance
[2021/06/21 17:40:07.736] - eth_getTransactionCount
[2021/06/21 17:40:07.748] - eth_getBalance
[2021/06/21 17:40:07.757] - eth_getTransactionCount
[2021/06/21 17:40:07.768] - eth_getBalance
[2021/06/21 17:40:07.779] - eth_getTransactionCount
[2021/06/21 17:40:07.782] - eth_getBlockByNumber
[2021/06/21 17:40:07.803] - eth_getBalance
[2021/06/21 17:40:07.804] - eth_getTransactionCount
[2021/06/21 17:40:07.814] - eth_getBalance
[2021/06/21 17:40:07.823] - eth_getTransactionCount
[2021/06/21 17:40:07.873] - eth_getBlockByNumber
[2021/06/21 17:40:07.883] - eth_getBalance
[2021/06/21 17:40:07.905] - eth_getBlockByNumber
[2021/06/21 17:40:07.911] - eth_getBlockByNumber
[2021/06/21 17:40:07.916] - eth_getBlockByNumber
[2021/06/21 17:40:07.917] - eth_getBlockByNumber
[2021/06/21 17:40:07.922] - eth_getBlockByNumber
[2021/06/21 17:40:07.926] - eth_getBlockByNumber
[2021/06/21 17:40:07.938] - eth_estimateGas
[2021/06/21 17:40:08.132] - eth_getBalance
[2021/06/21 17:40:08.140] - eth_getTransactionCount
[2021/06/21 17:40:08.147] - eth_getBlockByNumber
[2021/06/21 17:40:08.147] - eth_blockNumber
[2021/06/21 17:40:08.152] - eth_getBalance
[2021/06/21 17:40:08.155] - eth_sendTransaction
[2021/06/21 17:40:08.165] - eth_getTransactionCount
[2021/06/21 17:40:08.174] - eth_getBalance
[2021/06/21 17:40:08.181] - eth_getTransactionCount
[2021/06/21 17:40:08.190] - eth_getBalance
[2021/06/21 17:40:08.200] - eth_getTransactionCount
[2021/06/21 17:40:08.210] - eth_getBalance
[2021/06/21 17:40:08.221] - eth_getTransactionCount
[2021/06/21 17:40:08.229] - eth_getBalance
[2021/06/21 17:40:08.239] - eth_getTransactionCount
[2021/06/21 17:40:08.246] - eth_getBalance
[2021/06/21 17:40:08.259] - eth_getTransactionCount
[2021/06/21 17:40:08.265] - eth_getBalance
[2021/06/21 17:40:08.275] - eth_getTransactionCount
[2021/06/21 17:40:08.281] - eth_getBalance
[2021/06/21 17:40:08.292] - eth_getTransactionCount
[2021/06/21 17:40:08.306] - 
[2021/06/21 17:40:08.307] -   Transaction: 0xf6bea53c9db6b52640b7a1da8dfe88e9085604cdee3802d2383ccff64157012c
[2021/06/21 17:40:08.307] -   Contract created: 0xc6189e0200f4993bca6eaff06bd6c5d67a718077
[2021/06/21 17:40:08.307] -   Gas usage: 234537
[2021/06/21 17:40:08.308] -   Block Number: 5
[2021/06/21 17:40:08.308] -   Block Time: Mon Jun 21 2021 17:40:08 GMT-0400 (Eastern Daylight Time)
[2021/06/21 17:40:08.308] - 
[2021/06/21 17:40:08.311] - eth_getBalance
[2021/06/21 17:40:08.312] - eth_getBlockByNumber
[2021/06/21 17:40:08.312] - eth_getTransactionCount
[2021/06/21 17:40:08.315] - eth_getTransactionReceipt
[2021/06/21 17:40:08.320] - eth_getBalance
[2021/06/21 17:40:08.329] - eth_getTransactionCount
[2021/06/21 17:40:08.337] - eth_getBalance
[2021/06/21 17:40:08.343] - eth_getTransactionCount
[2021/06/21 17:40:08.354] - eth_getBalance
[2021/06/21 17:40:08.360] - eth_getTransactionCount
[2021/06/21 17:40:08.367] - eth_getBalance
[2021/06/21 17:40:08.377] - eth_getTransactionCount
[2021/06/21 17:40:08.385] - eth_getBalance
[2021/06/21 17:40:08.394] - eth_getTransactionCount
[2021/06/21 17:40:08.405] - eth_getBalance
[2021/06/21 17:40:08.415] - eth_getTransactionCount
[2021/06/21 17:40:08.423] - eth_getBalance
[2021/06/21 17:40:08.436] - eth_getCode
[2021/06/21 17:40:08.436] - eth_getTransactionCount
[2021/06/21 17:40:08.442] - eth_getBalance
[2021/06/21 17:40:08.450] - eth_getTransactionCount
[2021/06/21 17:40:08.538] - eth_getBlockByNumber
[2021/06/21 17:40:08.588] - eth_getTransactionByHash
[2021/06/21 17:40:08.622] - eth_getBlockByNumber
[2021/06/21 17:40:08.623] - eth_getBlockByNumber
[2021/06/21 17:40:08.628] - eth_getBalance
[2021/06/21 17:40:08.647] - eth_getBlockByNumber
[2021/06/21 17:40:08.661] - eth_getBlockByNumber
[2021/06/21 17:40:08.661] - eth_getBlockByNumber
[2021/06/21 17:40:08.668] - eth_getBlockByNumber
[2021/06/21 17:40:08.681] - eth_sendTransaction
[2021/06/21 17:40:08.705] - eth_getBalance
[2021/06/21 17:40:08.710] - eth_getTransactionCount
[2021/06/21 17:40:08.718] - eth_getBalance
[2021/06/21 17:40:08.725] - eth_getTransactionCount
[2021/06/21 17:40:08.735] - eth_getBalance
[2021/06/21 17:40:08.745] - eth_getTransactionCount
[2021/06/21 17:40:08.755] - eth_getBalance
[2021/06/21 17:40:08.767] - eth_getTransactionCount
[2021/06/21 17:40:08.774] - eth_getBalance
[2021/06/21 17:40:08.781] - eth_getTransactionCount
[2021/06/21 17:40:08.791] - 
[2021/06/21 17:40:08.792] -   Transaction: 0x1322a21eeaf3f8782e09c944a4a92d7996e3895834bed04011ed42b42cb90c0b
[2021/06/21 17:40:08.792] -   Gas usage: 26939
[2021/06/21 17:40:08.792] -   Block Number: 6
[2021/06/21 17:40:08.792] -   Block Time: Mon Jun 21 2021 17:40:08 GMT-0400 (Eastern Daylight Time)
[2021/06/21 17:40:08.792] - 
[2021/06/21 17:40:08.794] - eth_getBalance
[2021/06/21 17:40:08.795] - eth_getBlockByNumber
[2021/06/21 17:40:08.796] - eth_getTransactionReceipt
[2021/06/21 17:40:08.799] - eth_getTransactionCount
[2021/06/21 17:40:08.809] - eth_getBalance
[2021/06/21 17:40:08.816] - eth_getTransactionCount
[2021/06/21 17:40:08.827] - eth_getBalance
[2021/06/21 17:40:08.835] - eth_getTransactionCount
[2021/06/21 17:40:08.844] - eth_getBalance
[2021/06/21 17:40:08.856] - eth_getTransactionCount
[2021/06/21 17:40:08.866] - eth_getBalance
[2021/06/21 17:40:08.878] - eth_getTransactionCount
[2021/06/21 17:40:08.891] - eth_getBalance
[2021/06/21 17:40:08.898] - eth_getTransactionCount
[2021/06/21 17:40:08.909] - eth_getBalance
[2021/06/21 17:40:08.922] - eth_getBalance
[2021/06/21 17:40:08.927] - eth_getTransactionCount
[2021/06/21 17:40:08.935] - eth_getBalance
[2021/06/21 17:40:08.944] - eth_getTransactionCount
[2021/06/21 17:40:08.951] - eth_getBalance
[2021/06/21 17:40:08.957] - eth_getTransactionCount
[2021/06/21 17:40:08.963] - eth_getBalance
[2021/06/21 17:40:08.970] - eth_getTransactionCount
[2021/06/21 17:40:08.977] - eth_getBalance
[2021/06/21 17:40:08.983] - eth_getTransactionCount
[2021/06/21 17:40:08.991] - eth_getBalance
[2021/06/21 17:40:08.997] - eth_getTransactionCount
[2021/06/21 17:40:09.618] - eth_getTransactionCount
[2021/06/21 17:40:09.625] - eth_getBalance
[2021/06/21 17:40:09.633] - eth_getTransactionCount
[2021/06/21 17:40:09.639] - eth_getBalance
[2021/06/21 17:40:09.646] - eth_getTransactionCount
[2021/06/21 17:40:09.653] - eth_getBalance
[2021/06/21 17:40:09.658] - eth_getTransactionCount
[2021/06/21 17:40:09.665] - eth_getBalance
[2021/06/21 17:40:09.673] - eth_getTransactionCount
[2021/06/21 17:40:09.679] - eth_getBalance
[2021/06/21 17:40:09.687] - eth_getTransactionCount
[2021/06/21 17:40:09.693] - eth_getBalance
[2021/06/21 17:40:09.700] - eth_getTransactionCount
[2021/06/21 17:40:09.707] - eth_getBalance
[2021/06/21 17:40:09.715] - eth_getTransactionCount
[2021/06/21 17:40:09.722] - eth_getBalance
[2021/06/21 17:40:09.728] - eth_getTransactionCount
[2021/06/21 17:40:09.736] - eth_getBalance
[2021/06/21 17:40:09.742] - eth_getTransactionCount
[2021/06/21 17:40:09.749] - eth_getBalance
[2021/06/21 17:40:09.757] - eth_getTransactionCount
[2021/06/21 17:40:09.763] - eth_getBalance
[2021/06/21 17:40:09.771] - eth_getTransactionCount
[2021/06/21 17:40:09.777] - eth_getBalance
[2021/06/21 17:40:09.784] - eth_getTransactionCount
[2021/06/21 17:40:09.790] - eth_getBalance
[2021/06/21 17:40:09.798] - eth_getTransactionCount
[2021/06/21 17:40:09.805] - eth_getBalance
[2021/06/21 17:40:09.812] - eth_getTransactionCount
[2021/06/21 17:40:09.819] - eth_getBalance
[2021/06/21 17:40:09.825] - eth_getTransactionCount
[2021/06/21 17:40:09.833] - eth_getBalance
[2021/06/21 17:40:09.841] - eth_getTransactionCount
[2021/06/21 17:40:09.848] - eth_getBalance
[2021/06/21 17:40:10.403] - eth_getBalance
[2021/06/21 17:40:10.411] - eth_getTransactionCount
[2021/06/21 17:40:10.417] - eth_getBalance
[2021/06/21 17:40:10.424] - eth_getTransactionCount
[2021/06/21 17:40:10.431] - eth_getBalance
[2021/06/21 17:40:10.439] - eth_getTransactionCount
[2021/06/21 17:40:10.446] - eth_getBalance
[2021/06/21 17:40:10.453] - eth_getTransactionCount
[2021/06/21 17:40:10.460] - eth_getBalance
[2021/06/21 17:40:10.467] - eth_getTransactionCount
[2021/06/21 17:40:10.475] - eth_getBalance
[2021/06/21 17:40:10.482] - eth_getTransactionCount
[2021/06/21 17:40:10.488] - eth_getBalance
[2021/06/21 17:40:10.494] - eth_getTransactionCount
[2021/06/21 17:40:10.500] - eth_getBalance
[2021/06/21 17:40:10.506] - eth_getTransactionCount
[2021/06/21 17:40:10.514] - eth_getBalance
[2021/06/21 17:40:10.520] - eth_getTransactionCount
[2021/06/21 17:40:10.526] - eth_getBalance
[2021/06/21 17:40:10.533] - eth_getTransactionCount
[2021/06/21 17:40:10.540] - eth_getBalance
[2021/06/21 17:40:10.548] - eth_getTransactionCount
[2021/06/21 17:40:10.555] - eth_getBalance
[2021/06/21 17:40:10.562] - eth_getTransactionCount
[2021/06/21 17:40:10.569] - eth_getBalance
[2021/06/21 17:40:10.576] - eth_getTransactionCount
[2021/06/21 17:40:10.583] - eth_getBalance
[2021/06/21 17:40:10.589] - eth_getTransactionCount
[2021/06/21 17:40:10.597] - eth_getBalance
[2021/06/21 17:40:10.603] - eth_getTransactionCount
[2021/06/21 17:40:10.610] - eth_getBalance
[2021/06/21 17:40:10.617] - eth_getTransactionCount
[2021/06/21 17:40:10.623] - eth_getBalance
[2021/06/21 17:40:10.629] - eth_getTransactionCount
[2021/06/21 17:40:10.636] - eth_getBalance
[2021/06/21 17:40:10.643] - eth_getTransactionCount
[2021/06/21 17:40:10.649] - eth_getBalance
[2021/06/21 17:40:10.655] - eth_getTransactionCount
[2021/06/21 17:40:11.081] - eth_getBalance
[2021/06/21 17:40:11.103] - eth_getTransactionCount
[2021/06/21 17:40:11.103] - eth_getBalance
[2021/06/21 17:40:11.109] - eth_getTransactionCount
[2021/06/21 17:40:11.113] - eth_getBalance
[2021/06/21 17:40:11.120] - eth_getTransactionCount
[2021/06/21 17:40:11.127] - eth_getBalance
[2021/06/21 17:40:11.133] - eth_getTransactionCount
[2021/06/21 17:40:11.141] - eth_getBalance
[2021/06/21 17:40:11.148] - eth_getTransactionCount
[2021/06/21 17:40:11.155] - eth_getBalance
[2021/06/21 17:40:11.162] - eth_getTransactionCount
[2021/06/21 17:40:11.169] - eth_getBalance
[2021/06/21 17:40:11.175] - eth_getTransactionCount
[2021/06/21 17:40:11.181] - eth_getBalance
[2021/06/21 17:40:11.189] - eth_getTransactionCount
[2021/06/21 17:40:11.194] - eth_getBalance
[2021/06/21 17:40:11.202] - eth_getTransactionCount
[2021/06/21 17:40:11.207] - eth_getBalance
[2021/06/21 17:40:11.213] - eth_getTransactionCount
[2021/06/21 17:40:11.219] - eth_getBalance
[2021/06/21 17:40:11.226] - eth_getTransactionCount
[2021/06/21 17:40:11.233] - eth_getBalance
[2021/06/21 17:40:11.238] - eth_getTransactionCount
[2021/06/21 17:40:11.244] - eth_getBalance
[2021/06/21 17:40:11.251] - eth_getTransactionCount
[2021/06/21 17:40:11.257] - eth_getBalance
[2021/06/21 17:40:11.264] - eth_getTransactionCount
[2021/06/21 17:40:11.270] - eth_getBalance
[2021/06/21 17:40:11.275] - eth_getTransactionCount
[2021/06/21 17:40:11.282] - eth_getBalance
[2021/06/21 17:40:11.288] - eth_getTransactionCount
[2021/06/21 17:40:11.294] - eth_getBalance
[2021/06/21 17:40:11.303] - eth_getTransactionCount
[2021/06/21 17:40:11.307] - eth_getTransactionCount
[2021/06/21 17:40:11.313] - eth_getBalance
[2021/06/21 17:40:11.319] - eth_getTransactionCount
[2021/06/21 17:40:11.325] - eth_getBalance
[2021/06/21 17:40:11.332] - eth_getTransactionCount
[2021/06/21 17:40:12.006] - eth_getBalance
[2021/06/21 17:40:12.013] - eth_getTransactionCount
[2021/06/21 17:40:12.019] - eth_getBalance
[2021/06/21 17:40:12.025] - eth_getTransactionCount
[2021/06/21 17:40:12.033] - eth_getBalance
[2021/06/21 17:40:12.039] - eth_getTransactionCount
[2021/06/21 17:40:12.046] - eth_getBalance
[2021/06/21 17:40:12.052] - eth_getTransactionCount
[2021/06/21 17:40:12.057] - eth_getBalance
[2021/06/21 17:40:12.064] - eth_getTransactionCount
[2021/06/21 17:40:12.071] - eth_getBalance
[2021/06/21 17:40:12.078] - eth_getTransactionCount
[2021/06/21 17:40:12.084] - eth_getBalance
[2021/06/21 17:40:12.089] - eth_getTransactionCount
[2021/06/21 17:40:12.095] - eth_getBalance
[2021/06/21 17:40:12.101] - eth_getTransactionCount
[2021/06/21 17:40:12.109] - eth_getBalance
[2021/06/21 17:40:12.116] - eth_getTransactionCount
[2021/06/21 17:40:12.121] - eth_getBalance
[2021/06/21 17:40:12.127] - eth_getTransactionCount
[2021/06/21 17:40:12.133] - eth_getBalance
[2021/06/21 17:40:12.139] - eth_getTransactionCount
[2021/06/21 17:40:12.146] - eth_getBalance
[2021/06/21 17:40:12.152] - eth_getTransactionCount
[2021/06/21 17:40:12.158] - eth_getBalance
[2021/06/21 17:40:12.164] - eth_getTransactionCount
[2021/06/21 17:40:12.170] - eth_getBalance
[2021/06/21 17:40:12.176] - eth_getTransactionCount
[2021/06/21 17:40:12.183] - eth_getBalance
[2021/06/21 17:40:12.190] - eth_getTransactionCount
[2021/06/21 17:40:12.196] - eth_getBalance
[2021/06/21 17:40:12.202] - eth_getTransactionCount
[2021/06/21 17:40:12.208] - eth_getBalance
[2021/06/21 17:40:12.214] - eth_getTransactionCount
[2021/06/21 17:40:12.581] - eth_getBalance
[2021/06/21 17:40:12.589] - eth_getTransactionCount
[2021/06/21 17:40:12.597] - eth_getBalance
[2021/06/21 17:40:12.601] - eth_getTransactionCount
[2021/06/21 17:40:12.608] - eth_getBalance
[2021/06/21 17:40:12.613] - eth_getTransactionCount
[2021/06/21 17:40:12.620] - eth_getBalance
[2021/06/21 17:40:12.627] - eth_getTransactionCount
[2021/06/21 17:40:12.634] - eth_getBalance
[2021/06/21 17:40:12.640] - eth_getTransactionCount
[2021/06/21 17:40:12.645] - eth_getBalance
[2021/06/21 17:40:12.652] - eth_getTransactionCount
[2021/06/21 17:40:12.658] - eth_getBalance
[2021/06/21 17:40:12.666] - eth_getTransactionCount
[2021/06/21 17:40:12.671] - eth_getBalance
[2021/06/21 17:40:12.677] - eth_getTransactionCount
[2021/06/21 17:40:12.684] - eth_getBalance
[2021/06/21 17:40:12.690] - eth_getTransactionCount
[2021/06/21 17:40:12.696] - eth_getBalance
[2021/06/21 17:40:12.703] - eth_getTransactionCount
[2021/06/21 17:40:12.709] - eth_getBalance
[2021/06/21 17:40:12.716] - eth_getTransactionCount
[2021/06/21 17:40:12.722] - eth_getBalance
[2021/06/21 17:40:12.728] - eth_getTransactionCount
[2021/06/21 17:40:12.734] - eth_getBalance
[2021/06/21 17:40:12.741] - eth_getTransactionCount
[2021/06/21 17:40:12.747] - eth_getBalance
[2021/06/21 17:40:12.754] - eth_getTransactionCount
[2021/06/21 17:40:12.760] - eth_getBalance
[2021/06/21 17:40:12.766] - eth_getTransactionCount
[2021/06/21 17:40:12.772] - eth_getBalance
[2021/06/21 17:40:12.780] - eth_getTransactionCount
[2021/06/21 17:40:12.786] - eth_getBalance
[2021/06/21 17:40:12.792] - eth_getTransactionCount
[2021/06/21 17:40:12.805] - eth_getBalance
[2021/06/21 17:40:12.806] - eth_getTransactionCount
[2021/06/21 17:40:12.811] - eth_getBalance
[2021/06/21 17:40:12.818] - eth_getTransactionCount
[2021/06/21 17:40:53.788] - eth_getBlockByNumber
[2021/06/21 17:40:53.822] - eth_getBlockTransactionCountByHash
[2021/06/21 17:40:53.850] - eth_getBlockByNumber
[2021/06/21 17:40:53.881] - eth_getBlockTransactionCountByHash
[2021/06/21 17:40:53.912] - eth_getBlockByNumber
[2021/06/21 17:40:53.945] - eth_getBlockTransactionCountByHash
[2021/06/21 17:40:53.978] - eth_getBlockByNumber
[2021/06/21 17:40:54.009] - eth_getBlockTransactionCountByHash
[2021/06/21 17:40:54.039] - eth_getBlockByNumber
[2021/06/21 17:40:54.069] - eth_getBlockTransactionCountByHash
[2021/06/21 17:40:54.102] - eth_getBlockByNumber
[2021/06/21 17:40:54.135] - eth_getBlockTransactionCountByHash
[2021/06/21 17:40:54.167] - eth_getBlockByNumber
[2021/06/21 17:40:54.200] - eth_getBlockTransactionCountByHash
[2021/06/21 17:41:00.413] - eth_getBlockByNumber
[2021/06/21 17:41:00.437] - eth_getTransactionReceipt
[2021/06/21 17:41:03.954] - eth_getTransactionByHash
[2021/06/21 17:41:03.968] - eth_getBlockByNumber
[2021/06/21 17:41:04.016] - eth_getTransactionReceipt
[2021/06/21 17:41:04.044] - eth_getBlockByNumber
[2021/06/21 17:41:04.067] - eth_getTransactionReceipt
[2021/06/21 17:41:04.104] - eth_getBlockByNumber
[2021/06/21 17:41:04.131] - eth_getTransactionReceipt
[2021/06/21 17:41:04.169] - eth_getBlockByNumber
[2021/06/21 17:41:04.195] - eth_getTransactionReceipt
[2021/06/21 17:41:04.236] - eth_getBlockByNumber
[2021/06/21 17:41:04.257] - eth_getTransactionReceipt
[2021/06/21 17:41:04.306] - eth_getBlockByNumber
[2021/06/21 17:41:15.068] - eth_getTransactionByHash
[2021/06/21 17:41:15.209] - net_version
[2021/06/21 17:41:15.230] - eth_getCode
[2021/06/21 17:41:32.822] - eth_getTransactionByHash
[2021/06/21 17:52:26.783] - eth_getBalance
[2021/06/21 17:52:26.876] - net_version
[2021/06/21 17:52:26.894] - eth_getCode
[2021/06/21 17:52:26.910] - eth_getBlockByNumber
[2021/06/21 17:52:26.926] - eth_getBalance
[2021/06/21 17:52:26.942] - eth_getTransactionCount
[2021/06/21 17:52:26.961] - eth_getStorageAt
[2021/06/21 17:52:26.977] - eth_getStorageAt
[2021/06/21 17:52:26.990] - eth_getStorageAt
[2021/06/21 17:52:26.998] - eth_getStorageAt
[2021/06/21 17:52:27.013] - eth_getStorageAt
[2021/06/21 17:52:27.022] - eth_getStorageAt
[2021/06/21 17:52:27.038] - eth_getStorageAt
[2021/06/21 17:52:50.959] - net_version
[2021/06/21 17:52:50.976] - eth_getCode
[2021/06/21 17:52:50.993] - eth_getBlockByNumber
[2021/06/21 17:52:51.009] - eth_getBalance
[2021/06/21 17:52:51.024] - eth_getTransactionCount
[2021/06/21 17:52:51.040] - eth_getStorageAt
[2021/06/21 17:52:51.043] - eth_getStorageAt
[2021/06/21 17:52:51.057] - eth_getStorageAt
[2021/06/21 17:52:51.073] - eth_getStorageAt
[2021/06/21 17:52:51.089] - eth_getStorageAt
[2021/06/21 17:52:51.105] - eth_getStorageAt
[2021/06/21 17:52:51.121] - eth_getStorageAt
[2021/06/21 17:53:19.863] - eth_getLogs
[2021/06/21 17:53:24.509] - eth_getBalance
[2021/06/21 17:53:24.590] - net_version
[2021/06/21 17:53:24.606] - eth_getCode
[2021/06/21 17:53:24.623] - eth_getBlockByNumber
[2021/06/21 17:53:24.638] - eth_getBalance
[2021/06/21 17:53:24.656] - eth_getTransactionCount
