[2021/06/21 12:16:17.385] - Starting server with initial configuration: {"gasLimit":60000,"gasPrice":200000,"hardfork":"petersburg","hostname":"192.168.1.160","port":8080,"network_id":69420,"default_balance_ether":1000,"total_accounts":20,"unlocked_accounts":[],"locked":false,"vmErrorsOnRPCResponse":true,"verbose":false,"db_path":"C:\\Users\\Keon\\AppData\\Roaming\\Ganache\\workspaces\\Quickstart\\chaindata","logDirectory":"H:\\downloads\\solidity\\solidity-assignment\\ganache_output_logs"}
[2021/06/21 12:16:17.812] - eth_subscribe
[2021/06/21 12:16:17.813] - eth_getLogs
[2021/06/21 12:16:17.815] - eth_subscribe
[2021/06/21 12:16:17.826] - eth_subscribe
[2021/06/21 12:16:17.827] - eth_getLogs
[2021/06/21 12:16:17.827] - eth_subscribe
[2021/06/21 12:16:17.841] - eth_blockNumber
[2021/06/21 12:16:17.842] - eth_accounts
[2021/06/21 12:16:17.842] - eth_gasPrice
[2021/06/21 12:16:17.843] - eth_getBlockByNumber
[2021/06/21 12:16:17.843] - eth_subscribe
[2021/06/21 12:16:17.847] - eth_accounts
[2021/06/21 12:16:17.863] - eth_getBalance
[2021/06/21 12:16:17.867] - eth_getTransactionCount
[2021/06/21 12:16:17.871] - eth_getBalance
[2021/06/21 12:16:17.875] - eth_getTransactionCount
[2021/06/21 12:16:17.877] - eth_getBalance
[2021/06/21 12:16:17.881] - eth_getTransactionCount
[2021/06/21 12:16:17.883] - eth_getBalance
[2021/06/21 12:16:17.886] - eth_getTransactionCount
[2021/06/21 12:16:17.888] - eth_getBalance
[2021/06/21 12:16:17.890] - eth_getTransactionCount
[2021/06/21 12:16:17.893] - eth_getBalance
[2021/06/21 12:16:17.895] - eth_getTransactionCount
[2021/06/21 12:16:17.898] - eth_getBalance
[2021/06/21 12:16:17.900] - eth_getTransactionCount
[2021/06/21 12:16:17.902] - eth_getBalance
[2021/06/21 12:16:17.905] - eth_getTransactionCount
[2021/06/21 12:16:17.907] - eth_getBalance
[2021/06/21 12:16:17.911] - eth_getTransactionCount
[2021/06/21 12:16:17.913] - eth_getBalance
[2021/06/21 12:16:17.917] - eth_getTransactionCount
[2021/06/21 12:16:17.918] - eth_getBalance
[2021/06/21 12:16:17.924] - eth_getTransactionCount
[2021/06/21 12:16:17.924] - eth_getBalance
[2021/06/21 12:16:17.927] - eth_getTransactionCount
[2021/06/21 12:16:17.930] - eth_getBalance
[2021/06/21 12:16:17.931] - eth_getTransactionCount
[2021/06/21 12:16:17.934] - eth_getBalance
[2021/06/21 12:16:17.936] - eth_getTransactionCount
[2021/06/21 12:16:17.938] - eth_getBalance
[2021/06/21 12:16:17.940] - eth_getTransactionCount
[2021/06/21 12:16:17.944] - eth_getBalance
[2021/06/21 12:16:17.947] - eth_getTransactionCount
[2021/06/21 12:16:17.947] - eth_getBalance
[2021/06/21 12:16:17.949] - eth_getTransactionCount
[2021/06/21 12:16:17.952] - eth_getBalance
[2021/06/21 12:16:17.954] - eth_getTransactionCount
[2021/06/21 12:16:17.956] - eth_getBalance
[2021/06/21 12:16:17.958] - eth_getTransactionCount
[2021/06/21 12:16:17.966] - eth_getBalance
[2021/06/21 12:16:17.966] - eth_getTransactionCount
[2021/06/21 12:16:17.967] - eth_blockNumber
[2021/06/21 12:16:17.967] - eth_accounts
[2021/06/21 12:16:17.968] - eth_gasPrice
[2021/06/21 12:16:17.977] - eth_getBlockByNumber
[2021/06/21 12:16:17.977] - eth_subscribe
[2021/06/21 12:16:18.001] - eth_getTransactionCount
[2021/06/21 12:16:18.002] - eth_getBalance
[2021/06/21 12:16:18.005] - eth_getTransactionCount
[2021/06/21 12:16:18.007] - eth_getBalance
[2021/06/21 12:16:18.009] - eth_getTransactionCount
[2021/06/21 12:16:18.012] - eth_getBalance
[2021/06/21 12:16:18.013] - eth_getTransactionCount
[2021/06/21 12:16:18.017] - eth_getBalance
[2021/06/21 12:16:18.020] - eth_getTransactionCount
[2021/06/21 12:16:18.022] - eth_getBalance
[2021/06/21 12:16:18.026] - eth_getTransactionCount
[2021/06/21 12:16:18.029] - eth_getBalance
[2021/06/21 12:16:18.030] - eth_getTransactionCount
[2021/06/21 12:16:18.034] - eth_getBalance
[2021/06/21 12:16:18.036] - eth_getTransactionCount
[2021/06/21 12:16:18.038] - eth_getBalance
[2021/06/21 12:16:18.040] - eth_getTransactionCount
[2021/06/21 12:16:18.043] - eth_getBalance
[2021/06/21 12:16:18.047] - eth_getTransactionCount
[2021/06/21 12:16:18.051] - eth_getBalance
[2021/06/21 12:16:18.054] - eth_getTransactionCount
[2021/06/21 12:16:18.058] - eth_getBalance
[2021/06/21 12:16:18.060] - eth_getTransactionCount
[2021/06/21 12:16:18.063] - eth_getBalance
[2021/06/21 12:16:18.065] - eth_getTransactionCount
[2021/06/21 12:16:18.069] - eth_getBalance
[2021/06/21 12:16:18.072] - eth_getTransactionCount
[2021/06/21 12:16:18.081] - eth_getBalance
[2021/06/21 12:16:18.082] - eth_getTransactionCount
[2021/06/21 12:16:18.082] - eth_getBalance
[2021/06/21 12:16:18.088] - eth_getTransactionCount
[2021/06/21 12:16:18.089] - eth_getBalance
[2021/06/21 12:16:18.094] - eth_getTransactionCount
[2021/06/21 12:16:18.095] - eth_getBalance
[2021/06/21 12:16:18.100] - eth_getTransactionCount
[2021/06/21 12:16:18.101] - eth_getBalance
[2021/06/21 12:16:18.104] - eth_getTransactionCount
[2021/06/21 12:16:18.108] - eth_getBalance
[2021/06/21 12:16:18.110] - eth_getTransactionCount
[2021/06/21 12:16:18.371] - eth_getBalance
[2021/06/21 12:16:18.374] - eth_getTransactionCount
[2021/06/21 12:16:18.376] - eth_getBalance
[2021/06/21 12:16:18.378] - eth_getTransactionCount
[2021/06/21 12:16:18.381] - eth_getBalance
[2021/06/21 12:16:18.383] - eth_getTransactionCount
[2021/06/21 12:16:18.385] - eth_getBalance
[2021/06/21 12:16:18.388] - eth_getTransactionCount
[2021/06/21 12:16:18.390] - eth_getBalance
[2021/06/21 12:16:18.393] - eth_getTransactionCount
[2021/06/21 12:16:18.397] - eth_getBalance
[2021/06/21 12:16:18.399] - eth_getTransactionCount
[2021/06/21 12:16:18.402] - eth_getBalance
[2021/06/21 12:16:18.409] - eth_getTransactionCount
[2021/06/21 12:16:18.409] - eth_getBalance
[2021/06/21 12:16:18.412] - eth_getTransactionCount
[2021/06/21 12:16:18.414] - eth_getBalance
[2021/06/21 12:16:18.416] - eth_getTransactionCount
[2021/06/21 12:16:18.421] - eth_getBalance
[2021/06/21 12:16:18.421] - eth_getTransactionCount
[2021/06/21 12:16:18.424] - eth_getBalance
[2021/06/21 12:16:18.427] - eth_getTransactionCount
[2021/06/21 12:16:18.430] - eth_getBalance
[2021/06/21 12:16:18.432] - eth_getTransactionCount
[2021/06/21 12:16:18.435] - eth_getBalance
[2021/06/21 12:16:18.437] - eth_getTransactionCount
[2021/06/21 12:16:18.440] - eth_getBalance
[2021/06/21 12:16:18.442] - eth_getTransactionCount
[2021/06/21 12:16:18.444] - eth_getBalance
[2021/06/21 12:16:18.447] - eth_getTransactionCount
[2021/06/21 12:16:18.450] - eth_getBalance
[2021/06/21 12:16:18.452] - eth_getTransactionCount
[2021/06/21 12:16:18.456] - eth_getBalance
[2021/06/21 12:16:18.459] - eth_getTransactionCount
[2021/06/21 12:16:18.462] - eth_getBalance
[2021/06/21 12:16:18.464] - eth_getTransactionCount
[2021/06/21 12:16:18.466] - eth_getBalance
[2021/06/21 12:16:18.469] - eth_getTransactionCount
[2021/06/21 12:16:18.472] - eth_getBalance
[2021/06/21 12:16:18.474] - eth_getTransactionCount
[2021/06/21 12:16:18.499] - eth_getBalance
[2021/06/21 12:16:18.502] - eth_getTransactionCount
[2021/06/21 12:16:18.505] - eth_getBalance
[2021/06/21 12:16:18.507] - eth_getTransactionCount
[2021/06/21 12:16:18.510] - eth_getBalance
[2021/06/21 12:16:18.513] - eth_getTransactionCount
[2021/06/21 12:16:18.515] - eth_getBalance
[2021/06/21 12:16:18.519] - eth_getTransactionCount
[2021/06/21 12:16:18.522] - eth_getBalance
[2021/06/21 12:16:18.524] - eth_getTransactionCount
[2021/06/21 12:16:18.526] - eth_getBalance
[2021/06/21 12:16:18.530] - eth_getTransactionCount
[2021/06/21 12:16:18.532] - eth_getBalance
[2021/06/21 12:16:18.535] - eth_getTransactionCount
[2021/06/21 12:16:18.538] - eth_getBalance
[2021/06/21 12:16:18.540] - eth_getTransactionCount
[2021/06/21 12:16:18.543] - eth_getBalance
[2021/06/21 12:16:18.545] - eth_getTransactionCount
[2021/06/21 12:16:18.547] - eth_getBalance
[2021/06/21 12:16:18.549] - eth_getTransactionCount
[2021/06/21 12:16:18.552] - eth_getBalance
[2021/06/21 12:16:18.555] - eth_getTransactionCount
[2021/06/21 12:16:18.556] - eth_getBalance
[2021/06/21 12:16:18.559] - eth_getTransactionCount
[2021/06/21 12:16:18.562] - eth_getBalance
[2021/06/21 12:16:18.565] - eth_getTransactionCount
[2021/06/21 12:16:18.568] - eth_getBalance
[2021/06/21 12:16:18.570] - eth_getTransactionCount
[2021/06/21 12:16:18.573] - eth_getBalance
[2021/06/21 12:16:18.575] - eth_getTransactionCount
[2021/06/21 12:16:18.577] - eth_getBalance
[2021/06/21 12:16:18.579] - eth_getTransactionCount
[2021/06/21 12:16:18.582] - eth_getBalance
[2021/06/21 12:16:18.584] - eth_getTransactionCount
[2021/06/21 12:16:18.587] - eth_getBalance
[2021/06/21 12:16:18.589] - eth_getTransactionCount
[2021/06/21 12:16:18.591] - eth_getBalance
[2021/06/21 12:16:18.593] - eth_getTransactionCount
[2021/06/21 12:16:18.595] - eth_getBalance
[2021/06/21 12:16:18.599] - eth_getTransactionCount
[2021/06/21 12:16:52.191] - eth_unsubscribe
[2021/06/21 12:16:52.191] - eth_unsubscribe
